[2021-08-10 00:08:26] local.ERROR: Connection could not be established with host smtp.gmail.com :stream_socket_client(): php_network_getaddresses: getaddrinfo failed: No such host is known.  {"exception":"[object] (Swift_TransportException(code: 0): Connection could not be established with host smtp.gmail.com :stream_socket_client(): php_network_getaddresses: getaddrinfo failed: No such host is known.  at C:\\Users\\Anisio\\Dropbox\\My PC (DESKTOP-0NN5O01)\\Documents\\GitHub\\SGASS\\vendor\\swiftmailer\\swiftmailer\\lib\\classes\\Swift\\Transport\\StreamBuffer.php:261)
[stacktrace]
#0 [internal function]: Swift_Transport_StreamBuffer->{closure}(2, 'stream_socket_c...', 'C:\\\\Users\\\\Anisio...', 264, Array)
#1 C:\\Users\\Anisio\\Dropbox\\My PC (DESKTOP-0NN5O01)\\Documents\\GitHub\\SGASS\\vendor\\swiftmailer\\swiftmailer\\lib\\classes\\Swift\\Transport\\StreamBuffer.php(264): stream_socket_client('ssl://smtp.gmai...', 0, 'php_network_get...', 30, 4, Resource id #655)
#2 C:\\Users\\Anisio\\Dropbox\\My PC (DESKTOP-0NN5O01)\\Documents\\GitHub\\SGASS\\vendor\\swiftmailer\\swiftmailer\\lib\\classes\\Swift\\Transport\\StreamBuffer.php(58): Swift_Transport_StreamBuffer->establishSocketConnection()
#3 C:\\Users\\Anisio\\Dropbox\\My PC (DESKTOP-0NN5O01)\\Documents\\GitHub\\SGASS\\vendor\\swiftmailer\\swiftmailer\\lib\\classes\\Swift\\Transport\\AbstractSmtpTransport.php(143): Swift_Transport_StreamBuffer->initialize(Array)
#4 C:\\Users\\Anisio\\Dropbox\\My PC (DESKTOP-0NN5O01)\\Documents\\GitHub\\SGASS\\vendor\\swiftmailer\\swiftmailer\\lib\\classes\\Swift\\Mailer.php(65): Swift_Transport_AbstractSmtpTransport->start()
#5 C:\\Users\\Anisio\\Dropbox\\My PC (DESKTOP-0NN5O01)\\Documents\\GitHub\\SGASS\\vendor\\laravel\\framework\\src\\Illuminate\\Mail\\Mailer.php(483): Swift_Mailer->send(Object(Swift_Message), Array)
#6 C:\\Users\\Anisio\\Dropbox\\My PC (DESKTOP-0NN5O01)\\Documents\\GitHub\\SGASS\\vendor\\laravel\\framework\\src\\Illuminate\\Mail\\Mailer.php(259): Illuminate\\Mail\\Mailer->sendSwiftMessage(Object(Swift_Message))
#7 C:\\Users\\Anisio\\Dropbox\\My PC (DESKTOP-0NN5O01)\\Documents\\GitHub\\SGASS\\vendor\\laravel\\framework\\src\\Illuminate\\Notifications\\Channels\\MailChannel.php(65): Illuminate\\Mail\\Mailer->send(Object(Illuminate\\Support\\HtmlString), Array, Object(Closure))
#8 C:\\Users\\Anisio\\Dropbox\\My PC (DESKTOP-0NN5O01)\\Documents\\GitHub\\SGASS\\vendor\\laravel\\framework\\src\\Illuminate\\Notifications\\NotificationSender.php(144): Illuminate\\Notifications\\Channels\\MailChannel->send(Object(Gestao_Assistencias\\User), Object(Illuminate\\Auth\\Notifications\\ResetPassword))
#9 C:\\Users\\Anisio\\Dropbox\\My PC (DESKTOP-0NN5O01)\\Documents\\GitHub\\SGASS\\vendor\\laravel\\framework\\src\\Illuminate\\Notifications\\NotificationSender.php(103): Illuminate\\Notifications\\NotificationSender->sendToNotifiable(Object(Gestao_Assistencias\\User), '9c9f88f4-9b74-4...', Object(Illuminate\\Auth\\Notifications\\ResetPassword), 'mail')
#10 C:\\Users\\Anisio\\Dropbox\\My PC (DESKTOP-0NN5O01)\\Documents\\GitHub\\SGASS\\vendor\\laravel\\framework\\src\\Illuminate\\Support\\Traits\\Localizable.php(19): Illuminate\\Notifications\\NotificationSender->Illuminate\\Notifications\\{closure}()
#11 C:\\Users\\Anisio\\Dropbox\\My PC (DESKTOP-0NN5O01)\\Documents\\GitHub\\SGASS\\vendor\\laravel\\framework\\src\\Illuminate\\Notifications\\NotificationSender.php(105): Illuminate\\Notifications\\NotificationSender->withLocale(NULL, Object(Closure))
#12 C:\\Users\\Anisio\\Dropbox\\My PC (DESKTOP-0NN5O01)\\Documents\\GitHub\\SGASS\\vendor\\laravel\\framework\\src\\Illuminate\\Notifications\\NotificationSender.php(77): Illuminate\\Notifications\\NotificationSender->sendNow(Object(Illuminate\\Database\\Eloquent\\Collection), Object(Illuminate\\Auth\\Notifications\\ResetPassword))
#13 C:\\Users\\Anisio\\Dropbox\\My PC (DESKTOP-0NN5O01)\\Documents\\GitHub\\SGASS\\vendor\\laravel\\framework\\src\\Illuminate\\Notifications\\ChannelManager.php(39): Illuminate\\Notifications\\NotificationSender->send(Object(Illuminate\\Database\\Eloquent\\Collection), Object(Illuminate\\Auth\\Notifications\\ResetPassword))
#14 C:\\Users\\Anisio\\Dropbox\\My PC (DESKTOP-0NN5O01)\\Documents\\GitHub\\SGASS\\vendor\\laravel\\framework\\src\\Illuminate\\Notifications\\RoutesNotifications.php(18): Illuminate\\Notifications\\ChannelManager->send(Object(Gestao_Assistencias\\User), Object(Illuminate\\Auth\\Notifications\\ResetPassword))
#15 C:\\Users\\Anisio\\Dropbox\\My PC (DESKTOP-0NN5O01)\\Documents\\GitHub\\SGASS\\vendor\\laravel\\framework\\src\\Illuminate\\Auth\\Passwords\\CanResetPassword.php(27): Gestao_Assistencias\\User->notify(Object(Illuminate\\Auth\\Notifications\\ResetPassword))
#16 C:\\Users\\Anisio\\Dropbox\\My PC (DESKTOP-0NN5O01)\\Documents\\GitHub\\SGASS\\vendor\\laravel\\framework\\src\\Illuminate\\Auth\\Passwords\\PasswordBroker.php(70): Illuminate\\Foundation\\Auth\\User->sendPasswordResetNotification('35905e731b99d13...')
#17 C:\\Users\\Anisio\\Dropbox\\My PC (DESKTOP-0NN5O01)\\Documents\\GitHub\\SGASS\\vendor\\laravel\\framework\\src\\Illuminate\\Foundation\\Auth\\SendsPasswordResetEmails.php(34): Illuminate\\Auth\\Passwords\\PasswordBroker->sendResetLink(Array)
#18 [internal function]: Gestao_Assistencias\\Http\\Controllers\\Auth\\ForgotPasswordController->sendResetLinkEmail(Object(Illuminate\\Http\\Request))
#19 C:\\Users\\Anisio\\Dropbox\\My PC (DESKTOP-0NN5O01)\\Documents\\GitHub\\SGASS\\vendor\\laravel\\framework\\src\\Illuminate\\Routing\\Controller.php(54): call_user_func_array(Array, Array)
#20 C:\\Users\\Anisio\\Dropbox\\My PC (DESKTOP-0NN5O01)\\Documents\\GitHub\\SGASS\\vendor\\laravel\\framework\\src\\Illuminate\\Routing\\ControllerDispatcher.php(45): Illuminate\\Routing\\Controller->callAction('sendResetLinkEm...', Array)
#21 C:\\Users\\Anisio\\Dropbox\\My PC (DESKTOP-0NN5O01)\\Documents\\GitHub\\SGASS\\vendor\\laravel\\framework\\src\\Illuminate\\Routing\\Route.php(219): Illuminate\\Routing\\ControllerDispatcher->dispatch(Object(Illuminate\\Routing\\Route), Object(Gestao_Assistencias\\Http\\Controllers\\Auth\\ForgotPasswordController), 'sendResetLinkEm...')
#22 C:\\Users\\Anisio\\Dropbox\\My PC (DESKTOP-0NN5O01)\\Documents\\GitHub\\SGASS\\vendor\\laravel\\framework\\src\\Illuminate\\Routing\\Route.php(176): Illuminate\\Routing\\Route->runController()
#23 C:\\Users\\Anisio\\Dropbox\\My PC (DESKTOP-0NN5O01)\\Documents\\GitHub\\SGASS\\vendor\\laravel\\framework\\src\\Illuminate\\Routing\\Router.php(682): Illuminate\\Routing\\Route->run()
#24 C:\\Users\\Anisio\\Dropbox\\My PC (DESKTOP-0NN5O01)\\Documents\\GitHub\\SGASS\\vendor\\laravel\\framework\\src\\Illuminate\\Routing\\Pipeline.php(30): Illuminate\\Routing\\Router->Illuminate\\Routing\\{closure}(Object(Illuminate\\Http\\Request))
#25 C:\\Users\\Anisio\\Dropbox\\My PC (DESKTOP-0NN5O01)\\Documents\\GitHub\\SGASS\\app\\Http\\Middleware\\RedirectIfAuthenticated.php(24): Illuminate\\Routing\\Pipeline->Illuminate\\Routing\\{closure}(Object(Illuminate\\Http\\Request))
#26 C:\\Users\\Anisio\\Dropbox\\My PC (DESKTOP-0NN5O01)\\Documents\\GitHub\\SGASS\\vendor\\laravel\\framework\\src\\Illuminate\\Pipeline\\Pipeline.php(163): Gestao_Assistencias\\Http\\Middleware\\RedirectIfAuthenticated->handle(Object(Illuminate\\Http\\Request), Object(Closure))
#27 C:\\Users\\Anisio\\Dropbox\\My PC (DESKTOP-0NN5O01)\\Documents\\GitHub\\SGASS\\vendor\\laravel\\framework\\src\\Illuminate\\Routing\\Pipeline.php(53): Illuminate\\Pipeline\\Pipeline->Illuminate\\Pipeline\\{closure}(Object(Illuminate\\Http\\Request))
#28 C:\\Users\\Anisio\\Dropbox\\My PC (DESKTOP-0NN5O01)\\Documents\\GitHub\\SGASS\\vendor\\laravel\\framework\\src\\Illuminate\\Routing\\Middleware\\SubstituteBindings.php(41): Illuminate\\Routing\\Pipeline->Illuminate\\Routing\\{closure}(Object(Illuminate\\Http\\Request))
#29 C:\\Users\\Anisio\\Dropbox\\My PC (DESKTOP-0NN5O01)\\Documents\\GitHub\\SGASS\\vendor\\laravel\\framework\\src\\Illuminate\\Pipeline\\Pipeline.php(163): Illuminate\\Routing\\Middleware\\SubstituteBindings->handle(Object(Illuminate\\Http\\Request), Object(Closure))
#30 C:\\Users\\Anisio\\Dropbox\\My PC (DESKTOP-0NN5O01)\\Documents\\GitHub\\SGASS\\vendor\\laravel\\framework\\src\\Illuminate\\Routing\\Pipeline.php(53): Illuminate\\Pipeline\\Pipeline->Illuminate\\Pipeline\\{closure}(Object(Illuminate\\Http\\Request))
#31 C:\\Users\\Anisio\\Dropbox\\My PC (DESKTOP-0NN5O01)\\Documents\\GitHub\\SGASS\\vendor\\laravel\\framework\\src\\Illuminate\\Foundation\\Http\\Middleware\\VerifyCsrfToken.php(75): Illuminate\\Routing\\Pipeline->Illuminate\\Routing\\{closure}(Object(Illuminate\\Http\\Request))
#32 C:\\Users\\Anisio\\Dropbox\\My PC (DESKTOP-0NN5O01)\\Documents\\GitHub\\SGASS\\vendor\\laravel\\framework\\src\\Illuminate\\Pipeline\\Pipeline.php(163): Illuminate\\Foundation\\Http\\Middleware\\VerifyCsrfToken->handle(Object(Illuminate\\Http\\Request), Object(Closure))
#33 C:\\Users\\Anisio\\Dropbox\\My PC (DESKTOP-0NN5O01)\\Documents\\GitHub\\SGASS\\vendor\\laravel\\framework\\src\\Illuminate\\Routing\\Pipeline.php(53): Illuminate\\Pipeline\\Pipeline->Illuminate\\Pipeline\\{closure}(Object(Illuminate\\Http\\Request))
#34 C:\\Users\\Anisio\\Dropbox\\My PC (DESKTOP-0NN5O01)\\Documents\\GitHub\\SGASS\\vendor\\laravel\\framework\\src\\Illuminate\\View\\Middleware\\ShareErrorsFromSession.php(49): Illuminate\\Routing\\Pipeline->Illuminate\\Routing\\{closure}(Object(Illuminate\\Http\\Request))
#35 C:\\Users\\Anisio\\Dropbox\\My PC (DESKTOP-0NN5O01)\\Documents\\GitHub\\SGASS\\vendor\\laravel\\framework\\src\\Illuminate\\Pipeline\\Pipeline.php(163): Illuminate\\View\\Middleware\\ShareErrorsFromSession->handle(Object(Illuminate\\Http\\Request), Object(Closure))
#36 C:\\Users\\Anisio\\Dropbox\\My PC (DESKTOP-0NN5O01)\\Documents\\GitHub\\SGASS\\vendor\\laravel\\framework\\src\\Illuminate\\Routing\\Pipeline.php(53): Illuminate\\Pipeline\\Pipeline->Illuminate\\Pipeline\\{closure}(Object(Illuminate\\Http\\Request))
#37 C:\\Users\\Anisio\\Dropbox\\My PC (DESKTOP-0NN5O01)\\Documents\\GitHub\\SGASS\\vendor\\laravel\\framework\\src\\Illuminate\\Session\\Middleware\\StartSession.php(63): Illuminate\\Routing\\Pipeline->Illuminate\\Routing\\{closure}(Object(Illuminate\\Http\\Request))
#38 C:\\Users\\Anisio\\Dropbox\\My PC (DESKTOP-0NN5O01)\\Documents\\GitHub\\SGASS\\vendor\\laravel\\framework\\src\\Illuminate\\Pipeline\\Pipeline.php(163): Illuminate\\Session\\Middleware\\StartSession->handle(Object(Illuminate\\Http\\Request), Object(Closure))
#39 C:\\Users\\Anisio\\Dropbox\\My PC (DESKTOP-0NN5O01)\\Documents\\GitHub\\SGASS\\vendor\\laravel\\framework\\src\\Illuminate\\Routing\\Pipeline.php(53): Illuminate\\Pipeline\\Pipeline->Illuminate\\Pipeline\\{closure}(Object(Illuminate\\Http\\Request))
#40 C:\\Users\\Anisio\\Dropbox\\My PC (DESKTOP-0NN5O01)\\Documents\\GitHub\\SGASS\\vendor\\laravel\\framework\\src\\Illuminate\\Cookie\\Middleware\\AddQueuedCookiesToResponse.php(37): Illuminate\\Routing\\Pipeline->Illuminate\\Routing\\{closure}(Object(Illuminate\\Http\\Request))
#41 C:\\Users\\Anisio\\Dropbox\\My PC (DESKTOP-0NN5O01)\\Documents\\GitHub\\SGASS\\vendor\\laravel\\framework\\src\\Illuminate\\Pipeline\\Pipeline.php(163): Illuminate\\Cookie\\Middleware\\AddQueuedCookiesToResponse->handle(Object(Illuminate\\Http\\Request), Object(Closure))
#42 C:\\Users\\Anisio\\Dropbox\\My PC (DESKTOP-0NN5O01)\\Documents\\GitHub\\SGASS\\vendor\\laravel\\framework\\src\\Illuminate\\Routing\\Pipeline.php(53): Illuminate\\Pipeline\\Pipeline->Illuminate\\Pipeline\\{closure}(Object(Illuminate\\Http\\Request))
#43 C:\\Users\\Anisio\\Dropbox\\My PC (DESKTOP-0NN5O01)\\Documents\\GitHub\\SGASS\\vendor\\laravel\\framework\\src\\Illuminate\\Cookie\\Middleware\\EncryptCookies.php(66): Illuminate\\Routing\\Pipeline->Illuminate\\Routing\\{closure}(Object(Illuminate\\Http\\Request))
#44 C:\\Users\\Anisio\\Dropbox\\My PC (DESKTOP-0NN5O01)\\Documents\\GitHub\\SGASS\\vendor\\laravel\\framework\\src\\Illuminate\\Pipeline\\Pipeline.php(163): Illuminate\\Cookie\\Middleware\\EncryptCookies->handle(Object(Illuminate\\Http\\Request), Object(Closure))
#45 C:\\Users\\Anisio\\Dropbox\\My PC (DESKTOP-0NN5O01)\\Documents\\GitHub\\SGASS\\vendor\\laravel\\framework\\src\\Illuminate\\Routing\\Pipeline.php(53): Illuminate\\Pipeline\\Pipeline->Illuminate\\Pipeline\\{closure}(Object(Illuminate\\Http\\Request))
#46 C:\\Users\\Anisio\\Dropbox\\My PC (DESKTOP-0NN5O01)\\Documents\\GitHub\\SGASS\\vendor\\laravel\\framework\\src\\Illuminate\\Pipeline\\Pipeline.php(104): Illuminate\\Routing\\Pipeline->Illuminate\\Routing\\{closure}(Object(Illuminate\\Http\\Request))
#47 C:\\Users\\Anisio\\Dropbox\\My PC (DESKTOP-0NN5O01)\\Documents\\GitHub\\SGASS\\vendor\\laravel\\framework\\src\\Illuminate\\Routing\\Router.php(684): Illuminate\\Pipeline\\Pipeline->then(Object(Closure))
#48 C:\\Users\\Anisio\\Dropbox\\My PC (DESKTOP-0NN5O01)\\Documents\\GitHub\\SGASS\\vendor\\laravel\\framework\\src\\Illuminate\\Routing\\Router.php(659): Illuminate\\Routing\\Router->runRouteWithinStack(Object(Illuminate\\Routing\\Route), Object(Illuminate\\Http\\Request))
#49 C:\\Users\\Anisio\\Dropbox\\My PC (DESKTOP-0NN5O01)\\Documents\\GitHub\\SGASS\\vendor\\laravel\\framework\\src\\Illuminate\\Routing\\Router.php(625): Illuminate\\Routing\\Router->runRoute(Object(Illuminate\\Http\\Request), Object(Illuminate\\Routing\\Route))
#50 C:\\Users\\Anisio\\Dropbox\\My PC (DESKTOP-0NN5O01)\\Documents\\GitHub\\SGASS\\vendor\\laravel\\framework\\src\\Illuminate\\Routing\\Router.php(614): Illuminate\\Routing\\Router->dispatchToRoute(Object(Illuminate\\Http\\Request))
#51 C:\\Users\\Anisio\\Dropbox\\My PC (DESKTOP-0NN5O01)\\Documents\\GitHub\\SGASS\\vendor\\laravel\\framework\\src\\Illuminate\\Foundation\\Http\\Kernel.php(176): Illuminate\\Routing\\Router->dispatch(Object(Illuminate\\Http\\Request))
#52 C:\\Users\\Anisio\\Dropbox\\My PC (DESKTOP-0NN5O01)\\Documents\\GitHub\\SGASS\\vendor\\laravel\\framework\\src\\Illuminate\\Routing\\Pipeline.php(30): Illuminate\\Foundation\\Http\\Kernel->Illuminate\\Foundation\\Http\\{closure}(Object(Illuminate\\Http\\Request))
#53 C:\\Users\\Anisio\\Dropbox\\My PC (DESKTOP-0NN5O01)\\Documents\\GitHub\\SGASS\\vendor\\fideloper\\proxy\\src\\TrustProxies.php(57): Illuminate\\Routing\\Pipeline->Illuminate\\Routing\\{closure}(Object(Illuminate\\Http\\Request))
#54 C:\\Users\\Anisio\\Dropbox\\My PC (DESKTOP-0NN5O01)\\Documents\\GitHub\\SGASS\\vendor\\laravel\\framework\\src\\Illuminate\\Pipeline\\Pipeline.php(163): Fideloper\\Proxy\\TrustProxies->handle(Object(Illuminate\\Http\\Request), Object(Closure))
#55 C:\\Users\\Anisio\\Dropbox\\My PC (DESKTOP-0NN5O01)\\Documents\\GitHub\\SGASS\\vendor\\laravel\\framework\\src\\Illuminate\\Routing\\Pipeline.php(53): Illuminate\\Pipeline\\Pipeline->Illuminate\\Pipeline\\{closure}(Object(Illuminate\\Http\\Request))
#56 C:\\Users\\Anisio\\Dropbox\\My PC (DESKTOP-0NN5O01)\\Documents\\GitHub\\SGASS\\vendor\\laravel\\framework\\src\\Illuminate\\Foundation\\Http\\Middleware\\TransformsRequest.php(31): Illuminate\\Routing\\Pipeline->Illuminate\\Routing\\{closure}(Object(Illuminate\\Http\\Request))
#57 C:\\Users\\Anisio\\Dropbox\\My PC (DESKTOP-0NN5O01)\\Documents\\GitHub\\SGASS\\vendor\\laravel\\framework\\src\\Illuminate\\Pipeline\\Pipeline.php(163): Illuminate\\Foundation\\Http\\Middleware\\TransformsRequest->handle(Object(Illuminate\\Http\\Request), Object(Closure))
#58 C:\\Users\\Anisio\\Dropbox\\My PC (DESKTOP-0NN5O01)\\Documents\\GitHub\\SGASS\\vendor\\laravel\\framework\\src\\Illuminate\\Routing\\Pipeline.php(53): Illuminate\\Pipeline\\Pipeline->Illuminate\\Pipeline\\{closure}(Object(Illuminate\\Http\\Request))
#59 C:\\Users\\Anisio\\Dropbox\\My PC (DESKTOP-0NN5O01)\\Documents\\GitHub\\SGASS\\vendor\\laravel\\framework\\src\\Illuminate\\Foundation\\Http\\Middleware\\TransformsRequest.php(31): Illuminate\\Routing\\Pipeline->Illuminate\\Routing\\{closure}(Object(Illuminate\\Http\\Request))
#60 C:\\Users\\Anisio\\Dropbox\\My PC (DESKTOP-0NN5O01)\\Documents\\GitHub\\SGASS\\vendor\\laravel\\framework\\src\\Illuminate\\Pipeline\\Pipeline.php(163): Illuminate\\Foundation\\Http\\Middleware\\TransformsRequest->handle(Object(Illuminate\\Http\\Request), Object(Closure))
#61 C:\\Users\\Anisio\\Dropbox\\My PC (DESKTOP-0NN5O01)\\Documents\\GitHub\\SGASS\\vendor\\laravel\\framework\\src\\Illuminate\\Routing\\Pipeline.php(53): Illuminate\\Pipeline\\Pipeline->Illuminate\\Pipeline\\{closure}(Object(Illuminate\\Http\\Request))
#62 C:\\Users\\Anisio\\Dropbox\\My PC (DESKTOP-0NN5O01)\\Documents\\GitHub\\SGASS\\vendor\\laravel\\framework\\src\\Illuminate\\Foundation\\Http\\Middleware\\ValidatePostSize.php(27): Illuminate\\Routing\\Pipeline->Illuminate\\Routing\\{closure}(Object(Illuminate\\Http\\Request))
#63 C:\\Users\\Anisio\\Dropbox\\My PC (DESKTOP-0NN5O01)\\Documents\\GitHub\\SGASS\\vendor\\laravel\\framework\\src\\Illuminate\\Pipeline\\Pipeline.php(163): Illuminate\\Foundation\\Http\\Middleware\\ValidatePostSize->handle(Object(Illuminate\\Http\\Request), Object(Closure))
#64 C:\\Users\\Anisio\\Dropbox\\My PC (DESKTOP-0NN5O01)\\Documents\\GitHub\\SGASS\\vendor\\laravel\\framework\\src\\Illuminate\\Routing\\Pipeline.php(53): Illuminate\\Pipeline\\Pipeline->Illuminate\\Pipeline\\{closure}(Object(Illuminate\\Http\\Request))
#65 C:\\Users\\Anisio\\Dropbox\\My PC (DESKTOP-0NN5O01)\\Documents\\GitHub\\SGASS\\vendor\\laravel\\framework\\src\\Illuminate\\Foundation\\Http\\Middleware\\CheckForMaintenanceMode.php(62): Illuminate\\Routing\\Pipeline->Illuminate\\Routing\\{closure}(Object(Illuminate\\Http\\Request))
#66 C:\\Users\\Anisio\\Dropbox\\My PC (DESKTOP-0NN5O01)\\Documents\\GitHub\\SGASS\\vendor\\laravel\\framework\\src\\Illuminate\\Pipeline\\Pipeline.php(163): Illuminate\\Foundation\\Http\\Middleware\\CheckForMaintenanceMode->handle(Object(Illuminate\\Http\\Request), Object(Closure))
#67 C:\\Users\\Anisio\\Dropbox\\My PC (DESKTOP-0NN5O01)\\Documents\\GitHub\\SGASS\\vendor\\laravel\\framework\\src\\Illuminate\\Routing\\Pipeline.php(53): Illuminate\\Pipeline\\Pipeline->Illuminate\\Pipeline\\{closure}(Object(Illuminate\\Http\\Request))
#68 C:\\Users\\Anisio\\Dropbox\\My PC (DESKTOP-0NN5O01)\\Documents\\GitHub\\SGASS\\vendor\\laravel\\framework\\src\\Illuminate\\Pipeline\\Pipeline.php(104): Illuminate\\Routing\\Pipeline->Illuminate\\Routing\\{closure}(Object(Illuminate\\Http\\Request))
#69 C:\\Users\\Anisio\\Dropbox\\My PC (DESKTOP-0NN5O01)\\Documents\\GitHub\\SGASS\\vendor\\laravel\\framework\\src\\Illuminate\\Foundation\\Http\\Kernel.php(151): Illuminate\\Pipeline\\Pipeline->then(Object(Closure))
#70 C:\\Users\\Anisio\\Dropbox\\My PC (DESKTOP-0NN5O01)\\Documents\\GitHub\\SGASS\\vendor\\laravel\\framework\\src\\Illuminate\\Foundation\\Http\\Kernel.php(116): Illuminate\\Foundation\\Http\\Kernel->sendRequestThroughRouter(Object(Illuminate\\Http\\Request))
#71 C:\\Users\\Anisio\\Dropbox\\My PC (DESKTOP-0NN5O01)\\Documents\\GitHub\\SGASS\\public\\index.php(55): Illuminate\\Foundation\\Http\\Kernel->handle(Object(Illuminate\\Http\\Request))
#72 C:\\Users\\Anisio\\Dropbox\\My PC (DESKTOP-0NN5O01)\\Documents\\GitHub\\SGASS\\server.php(21): require_once('C:\\\\Users\\\\Anisio...')
#73 {main}
"} 
