[2021-08-09 20:35:42] local.ERROR: Class 'Charts' not found (View: C:\Users\Anisio\Dropbox\My PC (DESKTOP-0NN5O01)\Documents\GitHub\SGA\resources\views\layouts\principal.blade.php) (View: C:\Users\Anisio\Dropbox\My PC (DESKTOP-0NN5O01)\Documents\GitHub\SGA\resources\views\layouts\principal.blade.php) {"userId":3,"email":"anisio.bule@gmail.com","exception":"[object] (ErrorException(code: 0): Class 'Charts' not found (View: C:\\Users\\Anisio\\Dropbox\\My PC (DESKTOP-0NN5O01)\\Documents\\GitHub\\SGA\esources\\views\\layouts\\principal.blade.php) (View: C:\\Users\\Anisio\\Dropbox\\My PC (DESKTOP-0NN5O01)\\Documents\\GitHub\\SGA\esources\\views\\layouts\\principal.blade.php) at C:\\Users\\Anisio\\Dropbox\\My PC (DESKTOP-0NN5O01)\\Documents\\GitHub\\SGA\\storage\\framework\\views\\dd185d4f4c3626b9883a6f9125170b2398b2bdfa.php:518, ErrorException(code: 0): Class 'Charts' not found (View: C:\\Users\\Anisio\\Dropbox\\My PC (DESKTOP-0NN5O01)\\Documents\\GitHub\\SGA\esources\\views\\layouts\\principal.blade.php) at C:\\Users\\Anisio\\Dropbox\\My PC (DESKTOP-0NN5O01)\\Documents\\GitHub\\SGA\\storage\\framework\\views\\dd185d4f4c3626b9883a6f9125170b2398b2bdfa.php:518, Symfony\\Component\\Debug\\Exception\\FatalThrowableError(code: 0): Class 'Charts' not found at C:\\Users\\Anisio\\Dropbox\\My PC (DESKTOP-0NN5O01)\\Documents\\GitHub\\SGA\\storage\\framework\\views\\dd185d4f4c3626b9883a6f9125170b2398b2bdfa.php:518)
[stacktrace]
#0 C:\\Users\\Anisio\\Dropbox\\My PC (DESKTOP-0NN5O01)\\Documents\\GitHub\\SGA\\vendor\\laravel\\framework\\src\\Illuminate\\View\\Engines\\PhpEngine.php(45): Illuminate\\View\\Engines\\CompilerEngine->handleViewException(Object(ErrorException), 1)
#1 C:\\Users\\Anisio\\Dropbox\\My PC (DESKTOP-0NN5O01)\\Documents\\GitHub\\SGA\\vendor\\laravel\\framework\\src\\Illuminate\\View\\Engines\\CompilerEngine.php(59): Illuminate\\View\\Engines\\PhpEngine->evaluatePath('C:\\\\Users\\\\Anisio...', Array)
#2 C:\\Users\\Anisio\\Dropbox\\My PC (DESKTOP-0NN5O01)\\Documents\\GitHub\\SGA\\vendor\\laravel\\framework\\src\\Illuminate\\View\\View.php(142): Illuminate\\View\\Engines\\CompilerEngine->get('C:\\\\Users\\\\Anisio...', Array)
#3 C:\\Users\\Anisio\\Dropbox\\My PC (DESKTOP-0NN5O01)\\Documents\\GitHub\\SGA\\vendor\\laravel\\framework\\src\\Illuminate\\View\\View.php(125): Illuminate\\View\\View->getContents()
#4 C:\\Users\\Anisio\\Dropbox\\My PC (DESKTOP-0NN5O01)\\Documents\\GitHub\\SGA\\vendor\\laravel\\framework\\src\\Illuminate\\View\\View.php(90): Illuminate\\View\\View->renderContents()
#5 C:\\Users\\Anisio\\Dropbox\\My PC (DESKTOP-0NN5O01)\\Documents\\GitHub\\SGA\\vendor\\laravel\\framework\\src\\Illuminate\\Http\\Response.php(42): Illuminate\\View\\View->render()
#6 C:\\Users\\Anisio\\Dropbox\\My PC (DESKTOP-0NN5O01)\\Documents\\GitHub\\SGA\\vendor\\symfony\\http-foundation\\Response.php(205): Illuminate\\Http\\Response->setContent(Object(Illuminate\\View\\View))
#7 C:\\Users\\Anisio\\Dropbox\\My PC (DESKTOP-0NN5O01)\\Documents\\GitHub\\SGA\\vendor\\laravel\\framework\\src\\Illuminate\\Routing\\Router.php(750): Symfony\\Component\\HttpFoundation\\Response->__construct(Object(Illuminate\\View\\View))
#8 C:\\Users\\Anisio\\Dropbox\\My PC (DESKTOP-0NN5O01)\\Documents\\GitHub\\SGA\\vendor\\laravel\\framework\\src\\Illuminate\\Routing\\Router.php(722): Illuminate\\Routing\\Router::toResponse(Object(Illuminate\\Http\\Request), Object(Illuminate\\View\\View))
#9 C:\\Users\\Anisio\\Dropbox\\My PC (DESKTOP-0NN5O01)\\Documents\\GitHub\\SGA\\vendor\\laravel\\framework\\src\\Illuminate\\Routing\\Router.php(682): Illuminate\\Routing\\Router->prepareResponse(Object(Illuminate\\Http\\Request), Object(Illuminate\\View\\View))
#10 C:\\Users\\Anisio\\Dropbox\\My PC (DESKTOP-0NN5O01)\\Documents\\GitHub\\SGA\\vendor\\laravel\\framework\\src\\Illuminate\\Routing\\Pipeline.php(30): Illuminate\\Routing\\Router->Illuminate\\Routing\\{closure}(Object(Illuminate\\Http\\Request))
#11 C:\\Users\\Anisio\\Dropbox\\My PC (DESKTOP-0NN5O01)\\Documents\\GitHub\\SGA\\vendor\\laravel\\framework\\src\\Illuminate\\Routing\\Middleware\\SubstituteBindings.php(41): Illuminate\\Routing\\Pipeline->Illuminate\\Routing\\{closure}(Object(Illuminate\\Http\\Request))
#12 C:\\Users\\Anisio\\Dropbox\\My PC (DESKTOP-0NN5O01)\\Documents\\GitHub\\SGA\\vendor\\laravel\\framework\\src\\Illuminate\\Pipeline\\Pipeline.php(163): Illuminate\\Routing\\Middleware\\SubstituteBindings->handle(Object(Illuminate\\Http\\Request), Object(Closure))
#13 C:\\Users\\Anisio\\Dropbox\\My PC (DESKTOP-0NN5O01)\\Documents\\GitHub\\SGA\\vendor\\laravel\\framework\\src\\Illuminate\\Routing\\Pipeline.php(53): Illuminate\\Pipeline\\Pipeline->Illuminate\\Pipeline\\{closure}(Object(Illuminate\\Http\\Request))
#14 C:\\Users\\Anisio\\Dropbox\\My PC (DESKTOP-0NN5O01)\\Documents\\GitHub\\SGA\\vendor\\laravel\\framework\\src\\Illuminate\\Auth\\Middleware\\Authenticate.php(43): Illuminate\\Routing\\Pipeline->Illuminate\\Routing\\{closure}(Object(Illuminate\\Http\\Request))
#15 C:\\Users\\Anisio\\Dropbox\\My PC (DESKTOP-0NN5O01)\\Documents\\GitHub\\SGA\\vendor\\laravel\\framework\\src\\Illuminate\\Pipeline\\Pipeline.php(163): Illuminate\\Auth\\Middleware\\Authenticate->handle(Object(Illuminate\\Http\\Request), Object(Closure))
#16 C:\\Users\\Anisio\\Dropbox\\My PC (DESKTOP-0NN5O01)\\Documents\\GitHub\\SGA\\vendor\\laravel\\framework\\src\\Illuminate\\Routing\\Pipeline.php(53): Illuminate\\Pipeline\\Pipeline->Illuminate\\Pipeline\\{closure}(Object(Illuminate\\Http\\Request))
#17 C:\\Users\\Anisio\\Dropbox\\My PC (DESKTOP-0NN5O01)\\Documents\\GitHub\\SGA\\vendor\\laravel\\framework\\src\\Illuminate\\Foundation\\Http\\Middleware\\VerifyCsrfToken.php(75): Illuminate\\Routing\\Pipeline->Illuminate\\Routing\\{closure}(Object(Illuminate\\Http\\Request))
#18 C:\\Users\\Anisio\\Dropbox\\My PC (DESKTOP-0NN5O01)\\Documents\\GitHub\\SGA\\vendor\\laravel\\framework\\src\\Illuminate\\Pipeline\\Pipeline.php(163): Illuminate\\Foundation\\Http\\Middleware\\VerifyCsrfToken->handle(Object(Illuminate\\Http\\Request), Object(Closure))
#19 C:\\Users\\Anisio\\Dropbox\\My PC (DESKTOP-0NN5O01)\\Documents\\GitHub\\SGA\\vendor\\laravel\\framework\\src\\Illuminate\\Routing\\Pipeline.php(53): Illuminate\\Pipeline\\Pipeline->Illuminate\\Pipeline\\{closure}(Object(Illuminate\\Http\\Request))
#20 C:\\Users\\Anisio\\Dropbox\\My PC (DESKTOP-0NN5O01)\\Documents\\GitHub\\SGA\\vendor\\laravel\\framework\\src\\Illuminate\\View\\Middleware\\ShareErrorsFromSession.php(49): Illuminate\\Routing\\Pipeline->Illuminate\\Routing\\{closure}(Object(Illuminate\\Http\\Request))
#21 C:\\Users\\Anisio\\Dropbox\\My PC (DESKTOP-0NN5O01)\\Documents\\GitHub\\SGA\\vendor\\laravel\\framework\\src\\Illuminate\\Pipeline\\Pipeline.php(163): Illuminate\\View\\Middleware\\ShareErrorsFromSession->handle(Object(Illuminate\\Http\\Request), Object(Closure))
#22 C:\\Users\\Anisio\\Dropbox\\My PC (DESKTOP-0NN5O01)\\Documents\\GitHub\\SGA\\vendor\\laravel\\framework\\src\\Illuminate\\Routing\\Pipeline.php(53): Illuminate\\Pipeline\\Pipeline->Illuminate\\Pipeline\\{closure}(Object(Illuminate\\Http\\Request))
#23 C:\\Users\\Anisio\\Dropbox\\My PC (DESKTOP-0NN5O01)\\Documents\\GitHub\\SGA\\vendor\\laravel\\framework\\src\\Illuminate\\Session\\Middleware\\StartSession.php(63): Illuminate\\Routing\\Pipeline->Illuminate\\Routing\\{closure}(Object(Illuminate\\Http\\Request))
#24 C:\\Users\\Anisio\\Dropbox\\My PC (DESKTOP-0NN5O01)\\Documents\\GitHub\\SGA\\vendor\\laravel\\framework\\src\\Illuminate\\Pipeline\\Pipeline.php(163): Illuminate\\Session\\Middleware\\StartSession->handle(Object(Illuminate\\Http\\Request), Object(Closure))
#25 C:\\Users\\Anisio\\Dropbox\\My PC (DESKTOP-0NN5O01)\\Documents\\GitHub\\SGA\\vendor\\laravel\\framework\\src\\Illuminate\\Routing\\Pipeline.php(53): Illuminate\\Pipeline\\Pipeline->Illuminate\\Pipeline\\{closure}(Object(Illuminate\\Http\\Request))
#26 C:\\Users\\Anisio\\Dropbox\\My PC (DESKTOP-0NN5O01)\\Documents\\GitHub\\SGA\\vendor\\laravel\\framework\\src\\Illuminate\\Cookie\\Middleware\\AddQueuedCookiesToResponse.php(37): Illuminate\\Routing\\Pipeline->Illuminate\\Routing\\{closure}(Object(Illuminate\\Http\\Request))
#27 C:\\Users\\Anisio\\Dropbox\\My PC (DESKTOP-0NN5O01)\\Documents\\GitHub\\SGA\\vendor\\laravel\\framework\\src\\Illuminate\\Pipeline\\Pipeline.php(163): Illuminate\\Cookie\\Middleware\\AddQueuedCookiesToResponse->handle(Object(Illuminate\\Http\\Request), Object(Closure))
#28 C:\\Users\\Anisio\\Dropbox\\My PC (DESKTOP-0NN5O01)\\Documents\\GitHub\\SGA\\vendor\\laravel\\framework\\src\\Illuminate\\Routing\\Pipeline.php(53): Illuminate\\Pipeline\\Pipeline->Illuminate\\Pipeline\\{closure}(Object(Illuminate\\Http\\Request))
#29 C:\\Users\\Anisio\\Dropbox\\My PC (DESKTOP-0NN5O01)\\Documents\\GitHub\\SGA\\vendor\\laravel\\framework\\src\\Illuminate\\Cookie\\Middleware\\EncryptCookies.php(66): Illuminate\\Routing\\Pipeline->Illuminate\\Routing\\{closure}(Object(Illuminate\\Http\\Request))
#30 C:\\Users\\Anisio\\Dropbox\\My PC (DESKTOP-0NN5O01)\\Documents\\GitHub\\SGA\\vendor\\laravel\\framework\\src\\Illuminate\\Pipeline\\Pipeline.php(163): Illuminate\\Cookie\\Middleware\\EncryptCookies->handle(Object(Illuminate\\Http\\Request), Object(Closure))
#31 C:\\Users\\Anisio\\Dropbox\\My PC (DESKTOP-0NN5O01)\\Documents\\GitHub\\SGA\\vendor\\laravel\\framework\\src\\Illuminate\\Routing\\Pipeline.php(53): Illuminate\\Pipeline\\Pipeline->Illuminate\\Pipeline\\{closure}(Object(Illuminate\\Http\\Request))
#32 C:\\Users\\Anisio\\Dropbox\\My PC (DESKTOP-0NN5O01)\\Documents\\GitHub\\SGA\\vendor\\laravel\\framework\\src\\Illuminate\\Pipeline\\Pipeline.php(104): Illuminate\\Routing\\Pipeline->Illuminate\\Routing\\{closure}(Object(Illuminate\\Http\\Request))
#33 C:\\Users\\Anisio\\Dropbox\\My PC (DESKTOP-0NN5O01)\\Documents\\GitHub\\SGA\\vendor\\laravel\\framework\\src\\Illuminate\\Routing\\Router.php(684): Illuminate\\Pipeline\\Pipeline->then(Object(Closure))
#34 C:\\Users\\Anisio\\Dropbox\\My PC (DESKTOP-0NN5O01)\\Documents\\GitHub\\SGA\\vendor\\laravel\\framework\\src\\Illuminate\\Routing\\Router.php(659): Illuminate\\Routing\\Router->runRouteWithinStack(Object(Illuminate\\Routing\\Route), Object(Illuminate\\Http\\Request))
#35 C:\\Users\\Anisio\\Dropbox\\My PC (DESKTOP-0NN5O01)\\Documents\\GitHub\\SGA\\vendor\\laravel\\framework\\src\\Illuminate\\Routing\\Router.php(625): Illuminate\\Routing\\Router->runRoute(Object(Illuminate\\Http\\Request), Object(Illuminate\\Routing\\Route))
#36 C:\\Users\\Anisio\\Dropbox\\My PC (DESKTOP-0NN5O01)\\Documents\\GitHub\\SGA\\vendor\\laravel\\framework\\src\\Illuminate\\Routing\\Router.php(614): Illuminate\\Routing\\Router->dispatchToRoute(Object(Illuminate\\Http\\Request))
#37 C:\\Users\\Anisio\\Dropbox\\My PC (DESKTOP-0NN5O01)\\Documents\\GitHub\\SGA\\vendor\\laravel\\framework\\src\\Illuminate\\Foundation\\Http\\Kernel.php(176): Illuminate\\Routing\\Router->dispatch(Object(Illuminate\\Http\\Request))
#38 C:\\Users\\Anisio\\Dropbox\\My PC (DESKTOP-0NN5O01)\\Documents\\GitHub\\SGA\\vendor\\laravel\\framework\\src\\Illuminate\\Routing\\Pipeline.php(30): Illuminate\\Foundation\\Http\\Kernel->Illuminate\\Foundation\\Http\\{closure}(Object(Illuminate\\Http\\Request))
#39 C:\\Users\\Anisio\\Dropbox\\My PC (DESKTOP-0NN5O01)\\Documents\\GitHub\\SGA\\vendor\\fideloper\\proxy\\src\\TrustProxies.php(57): Illuminate\\Routing\\Pipeline->Illuminate\\Routing\\{closure}(Object(Illuminate\\Http\\Request))
#40 C:\\Users\\Anisio\\Dropbox\\My PC (DESKTOP-0NN5O01)\\Documents\\GitHub\\SGA\\vendor\\laravel\\framework\\src\\Illuminate\\Pipeline\\Pipeline.php(163): Fideloper\\Proxy\\TrustProxies->handle(Object(Illuminate\\Http\\Request), Object(Closure))
#41 C:\\Users\\Anisio\\Dropbox\\My PC (DESKTOP-0NN5O01)\\Documents\\GitHub\\SGA\\vendor\\laravel\\framework\\src\\Illuminate\\Routing\\Pipeline.php(53): Illuminate\\Pipeline\\Pipeline->Illuminate\\Pipeline\\{closure}(Object(Illuminate\\Http\\Request))
#42 C:\\Users\\Anisio\\Dropbox\\My PC (DESKTOP-0NN5O01)\\Documents\\GitHub\\SGA\\vendor\\laravel\\framework\\src\\Illuminate\\Foundation\\Http\\Middleware\\TransformsRequest.php(31): Illuminate\\Routing\\Pipeline->Illuminate\\Routing\\{closure}(Object(Illuminate\\Http\\Request))
#43 C:\\Users\\Anisio\\Dropbox\\My PC (DESKTOP-0NN5O01)\\Documents\\GitHub\\SGA\\vendor\\laravel\\framework\\src\\Illuminate\\Pipeline\\Pipeline.php(163): Illuminate\\Foundation\\Http\\Middleware\\TransformsRequest->handle(Object(Illuminate\\Http\\Request), Object(Closure))
#44 C:\\Users\\Anisio\\Dropbox\\My PC (DESKTOP-0NN5O01)\\Documents\\GitHub\\SGA\\vendor\\laravel\\framework\\src\\Illuminate\\Routing\\Pipeline.php(53): Illuminate\\Pipeline\\Pipeline->Illuminate\\Pipeline\\{closure}(Object(Illuminate\\Http\\Request))
#45 C:\\Users\\Anisio\\Dropbox\\My PC (DESKTOP-0NN5O01)\\Documents\\GitHub\\SGA\\vendor\\laravel\\framework\\src\\Illuminate\\Foundation\\Http\\Middleware\\TransformsRequest.php(31): Illuminate\\Routing\\Pipeline->Illuminate\\Routing\\{closure}(Object(Illuminate\\Http\\Request))
#46 C:\\Users\\Anisio\\Dropbox\\My PC (DESKTOP-0NN5O01)\\Documents\\GitHub\\SGA\\vendor\\laravel\\framework\\src\\Illuminate\\Pipeline\\Pipeline.php(163): Illuminate\\Foundation\\Http\\Middleware\\TransformsRequest->handle(Object(Illuminate\\Http\\Request), Object(Closure))
#47 C:\\Users\\Anisio\\Dropbox\\My PC (DESKTOP-0NN5O01)\\Documents\\GitHub\\SGA\\vendor\\laravel\\framework\\src\\Illuminate\\Routing\\Pipeline.php(53): Illuminate\\Pipeline\\Pipeline->Illuminate\\Pipeline\\{closure}(Object(Illuminate\\Http\\Request))
#48 C:\\Users\\Anisio\\Dropbox\\My PC (DESKTOP-0NN5O01)\\Documents\\GitHub\\SGA\\vendor\\laravel\\framework\\src\\Illuminate\\Foundation\\Http\\Middleware\\ValidatePostSize.php(27): Illuminate\\Routing\\Pipeline->Illuminate\\Routing\\{closure}(Object(Illuminate\\Http\\Request))
#49 C:\\Users\\Anisio\\Dropbox\\My PC (DESKTOP-0NN5O01)\\Documents\\GitHub\\SGA\\vendor\\laravel\\framework\\src\\Illuminate\\Pipeline\\Pipeline.php(163): Illuminate\\Foundation\\Http\\Middleware\\ValidatePostSize->handle(Object(Illuminate\\Http\\Request), Object(Closure))
#50 C:\\Users\\Anisio\\Dropbox\\My PC (DESKTOP-0NN5O01)\\Documents\\GitHub\\SGA\\vendor\\laravel\\framework\\src\\Illuminate\\Routing\\Pipeline.php(53): Illuminate\\Pipeline\\Pipeline->Illuminate\\Pipeline\\{closure}(Object(Illuminate\\Http\\Request))
#51 C:\\Users\\Anisio\\Dropbox\\My PC (DESKTOP-0NN5O01)\\Documents\\GitHub\\SGA\\vendor\\laravel\\framework\\src\\Illuminate\\Foundation\\Http\\Middleware\\CheckForMaintenanceMode.php(62): Illuminate\\Routing\\Pipeline->Illuminate\\Routing\\{closure}(Object(Illuminate\\Http\\Request))
#52 C:\\Users\\Anisio\\Dropbox\\My PC (DESKTOP-0NN5O01)\\Documents\\GitHub\\SGA\\vendor\\laravel\\framework\\src\\Illuminate\\Pipeline\\Pipeline.php(163): Illuminate\\Foundation\\Http\\Middleware\\CheckForMaintenanceMode->handle(Object(Illuminate\\Http\\Request), Object(Closure))
#53 C:\\Users\\Anisio\\Dropbox\\My PC (DESKTOP-0NN5O01)\\Documents\\GitHub\\SGA\\vendor\\laravel\\framework\\src\\Illuminate\\Routing\\Pipeline.php(53): Illuminate\\Pipeline\\Pipeline->Illuminate\\Pipeline\\{closure}(Object(Illuminate\\Http\\Request))
#54 C:\\Users\\Anisio\\Dropbox\\My PC (DESKTOP-0NN5O01)\\Documents\\GitHub\\SGA\\vendor\\laravel\\framework\\src\\Illuminate\\Pipeline\\Pipeline.php(104): Illuminate\\Routing\\Pipeline->Illuminate\\Routing\\{closure}(Object(Illuminate\\Http\\Request))
#55 C:\\Users\\Anisio\\Dropbox\\My PC (DESKTOP-0NN5O01)\\Documents\\GitHub\\SGA\\vendor\\laravel\\framework\\src\\Illuminate\\Foundation\\Http\\Kernel.php(151): Illuminate\\Pipeline\\Pipeline->then(Object(Closure))
#56 C:\\Users\\Anisio\\Dropbox\\My PC (DESKTOP-0NN5O01)\\Documents\\GitHub\\SGA\\vendor\\laravel\\framework\\src\\Illuminate\\Foundation\\Http\\Kernel.php(116): Illuminate\\Foundation\\Http\\Kernel->sendRequestThroughRouter(Object(Illuminate\\Http\\Request))
#57 C:\\Users\\Anisio\\Dropbox\\My PC (DESKTOP-0NN5O01)\\Documents\\GitHub\\SGA\\public\\index.php(55): Illuminate\\Foundation\\Http\\Kernel->handle(Object(Illuminate\\Http\\Request))
#58 C:\\Users\\Anisio\\Dropbox\\My PC (DESKTOP-0NN5O01)\\Documents\\GitHub\\SGA\\server.php(21): require_once('C:\\\\Users\\\\Anisio...')
#59 {main}
"} 
[2021-08-09 20:40:53] local.ERROR: Undefined variable: solec_abertas (View: C:\Users\Anisio\Dropbox\My PC (DESKTOP-0NN5O01)\Documents\GitHub\SGA\resources\views\formularios\Dashboard.blade.php) {"userId":3,"email":"anisio.bule@gmail.com","exception":"[object] (ErrorException(code: 0): Undefined variable: solec_abertas (View: C:\\Users\\Anisio\\Dropbox\\My PC (DESKTOP-0NN5O01)\\Documents\\GitHub\\SGA\esources\\views\\formularios\\Dashboard.blade.php) at C:\\Users\\Anisio\\Dropbox\\My PC (DESKTOP-0NN5O01)\\Documents\\GitHub\\SGA\\storage\\framework\\views\\2f2a8ca3967317791850a9e63b931d657682dc5d.php:21, ErrorException(code: 0): Undefined variable: solec_abertas at C:\\Users\\Anisio\\Dropbox\\My PC (DESKTOP-0NN5O01)\\Documents\\GitHub\\SGA\\storage\\framework\\views\\2f2a8ca3967317791850a9e63b931d657682dc5d.php:21)
[stacktrace]
#0 C:\\Users\\Anisio\\Dropbox\\My PC (DESKTOP-0NN5O01)\\Documents\\GitHub\\SGA\\vendor\\laravel\\framework\\src\\Illuminate\\View\\Engines\\PhpEngine.php(45): Illuminate\\View\\Engines\\CompilerEngine->handleViewException(Object(ErrorException), 1)
#1 C:\\Users\\Anisio\\Dropbox\\My PC (DESKTOP-0NN5O01)\\Documents\\GitHub\\SGA\\vendor\\laravel\\framework\\src\\Illuminate\\View\\Engines\\CompilerEngine.php(59): Illuminate\\View\\Engines\\PhpEngine->evaluatePath('C:\\\\Users\\\\Anisio...', Array)
#2 C:\\Users\\Anisio\\Dropbox\\My PC (DESKTOP-0NN5O01)\\Documents\\GitHub\\SGA\\vendor\\laravel\\framework\\src\\Illuminate\\View\\View.php(142): Illuminate\\View\\Engines\\CompilerEngine->get('C:\\\\Users\\\\Anisio...', Array)
#3 C:\\Users\\Anisio\\Dropbox\\My PC (DESKTOP-0NN5O01)\\Documents\\GitHub\\SGA\\vendor\\laravel\\framework\\src\\Illuminate\\View\\View.php(125): Illuminate\\View\\View->getContents()
#4 C:\\Users\\Anisio\\Dropbox\\My PC (DESKTOP-0NN5O01)\\Documents\\GitHub\\SGA\\vendor\\laravel\\framework\\src\\Illuminate\\View\\View.php(90): Illuminate\\View\\View->renderContents()
#5 C:\\Users\\Anisio\\Dropbox\\My PC (DESKTOP-0NN5O01)\\Documents\\GitHub\\SGA\\vendor\\laravel\\framework\\src\\Illuminate\\Http\\Response.php(42): Illuminate\\View\\View->render()
#6 C:\\Users\\Anisio\\Dropbox\\My PC (DESKTOP-0NN5O01)\\Documents\\GitHub\\SGA\\vendor\\symfony\\http-foundation\\Response.php(205): Illuminate\\Http\\Response->setContent(Object(Illuminate\\View\\View))
#7 C:\\Users\\Anisio\\Dropbox\\My PC (DESKTOP-0NN5O01)\\Documents\\GitHub\\SGA\\vendor\\laravel\\framework\\src\\Illuminate\\Routing\\Router.php(750): Symfony\\Component\\HttpFoundation\\Response->__construct(Object(Illuminate\\View\\View))
#8 C:\\Users\\Anisio\\Dropbox\\My PC (DESKTOP-0NN5O01)\\Documents\\GitHub\\SGA\\vendor\\laravel\\framework\\src\\Illuminate\\Routing\\Router.php(722): Illuminate\\Routing\\Router::toResponse(Object(Illuminate\\Http\\Request), Object(Illuminate\\View\\View))
#9 C:\\Users\\Anisio\\Dropbox\\My PC (DESKTOP-0NN5O01)\\Documents\\GitHub\\SGA\\vendor\\laravel\\framework\\src\\Illuminate\\Routing\\Router.php(682): Illuminate\\Routing\\Router->prepareResponse(Object(Illuminate\\Http\\Request), Object(Illuminate\\View\\View))
#10 C:\\Users\\Anisio\\Dropbox\\My PC (DESKTOP-0NN5O01)\\Documents\\GitHub\\SGA\\vendor\\laravel\\framework\\src\\Illuminate\\Routing\\Pipeline.php(30): Illuminate\\Routing\\Router->Illuminate\\Routing\\{closure}(Object(Illuminate\\Http\\Request))
#11 C:\\Users\\Anisio\\Dropbox\\My PC (DESKTOP-0NN5O01)\\Documents\\GitHub\\SGA\\vendor\\laravel\\framework\\src\\Illuminate\\Routing\\Middleware\\SubstituteBindings.php(41): Illuminate\\Routing\\Pipeline->Illuminate\\Routing\\{closure}(Object(Illuminate\\Http\\Request))
#12 C:\\Users\\Anisio\\Dropbox\\My PC (DESKTOP-0NN5O01)\\Documents\\GitHub\\SGA\\vendor\\laravel\\framework\\src\\Illuminate\\Pipeline\\Pipeline.php(163): Illuminate\\Routing\\Middleware\\SubstituteBindings->handle(Object(Illuminate\\Http\\Request), Object(Closure))
#13 C:\\Users\\Anisio\\Dropbox\\My PC (DESKTOP-0NN5O01)\\Documents\\GitHub\\SGA\\vendor\\laravel\\framework\\src\\Illuminate\\Routing\\Pipeline.php(53): Illuminate\\Pipeline\\Pipeline->Illuminate\\Pipeline\\{closure}(Object(Illuminate\\Http\\Request))
#14 C:\\Users\\Anisio\\Dropbox\\My PC (DESKTOP-0NN5O01)\\Documents\\GitHub\\SGA\\vendor\\laravel\\framework\\src\\Illuminate\\Auth\\Middleware\\Authenticate.php(43): Illuminate\\Routing\\Pipeline->Illuminate\\Routing\\{closure}(Object(Illuminate\\Http\\Request))
#15 C:\\Users\\Anisio\\Dropbox\\My PC (DESKTOP-0NN5O01)\\Documents\\GitHub\\SGA\\vendor\\laravel\\framework\\src\\Illuminate\\Pipeline\\Pipeline.php(163): Illuminate\\Auth\\Middleware\\Authenticate->handle(Object(Illuminate\\Http\\Request), Object(Closure))
#16 C:\\Users\\Anisio\\Dropbox\\My PC (DESKTOP-0NN5O01)\\Documents\\GitHub\\SGA\\vendor\\laravel\\framework\\src\\Illuminate\\Routing\\Pipeline.php(53): Illuminate\\Pipeline\\Pipeline->Illuminate\\Pipeline\\{closure}(Object(Illuminate\\Http\\Request))
#17 C:\\Users\\Anisio\\Dropbox\\My PC (DESKTOP-0NN5O01)\\Documents\\GitHub\\SGA\\vendor\\laravel\\framework\\src\\Illuminate\\Foundation\\Http\\Middleware\\VerifyCsrfToken.php(75): Illuminate\\Routing\\Pipeline->Illuminate\\Routing\\{closure}(Object(Illuminate\\Http\\Request))
#18 C:\\Users\\Anisio\\Dropbox\\My PC (DESKTOP-0NN5O01)\\Documents\\GitHub\\SGA\\vendor\\laravel\\framework\\src\\Illuminate\\Pipeline\\Pipeline.php(163): Illuminate\\Foundation\\Http\\Middleware\\VerifyCsrfToken->handle(Object(Illuminate\\Http\\Request), Object(Closure))
#19 C:\\Users\\Anisio\\Dropbox\\My PC (DESKTOP-0NN5O01)\\Documents\\GitHub\\SGA\\vendor\\laravel\\framework\\src\\Illuminate\\Routing\\Pipeline.php(53): Illuminate\\Pipeline\\Pipeline->Illuminate\\Pipeline\\{closure}(Object(Illuminate\\Http\\Request))
#20 C:\\Users\\Anisio\\Dropbox\\My PC (DESKTOP-0NN5O01)\\Documents\\GitHub\\SGA\\vendor\\laravel\\framework\\src\\Illuminate\\View\\Middleware\\ShareErrorsFromSession.php(49): Illuminate\\Routing\\Pipeline->Illuminate\\Routing\\{closure}(Object(Illuminate\\Http\\Request))
#21 C:\\Users\\Anisio\\Dropbox\\My PC (DESKTOP-0NN5O01)\\Documents\\GitHub\\SGA\\vendor\\laravel\\framework\\src\\Illuminate\\Pipeline\\Pipeline.php(163): Illuminate\\View\\Middleware\\ShareErrorsFromSession->handle(Object(Illuminate\\Http\\Request), Object(Closure))
#22 C:\\Users\\Anisio\\Dropbox\\My PC (DESKTOP-0NN5O01)\\Documents\\GitHub\\SGA\\vendor\\laravel\\framework\\src\\Illuminate\\Routing\\Pipeline.php(53): Illuminate\\Pipeline\\Pipeline->Illuminate\\Pipeline\\{closure}(Object(Illuminate\\Http\\Request))
#23 C:\\Users\\Anisio\\Dropbox\\My PC (DESKTOP-0NN5O01)\\Documents\\GitHub\\SGA\\vendor\\laravel\\framework\\src\\Illuminate\\Session\\Middleware\\StartSession.php(63): Illuminate\\Routing\\Pipeline->Illuminate\\Routing\\{closure}(Object(Illuminate\\Http\\Request))
#24 C:\\Users\\Anisio\\Dropbox\\My PC (DESKTOP-0NN5O01)\\Documents\\GitHub\\SGA\\vendor\\laravel\\framework\\src\\Illuminate\\Pipeline\\Pipeline.php(163): Illuminate\\Session\\Middleware\\StartSession->handle(Object(Illuminate\\Http\\Request), Object(Closure))
#25 C:\\Users\\Anisio\\Dropbox\\My PC (DESKTOP-0NN5O01)\\Documents\\GitHub\\SGA\\vendor\\laravel\\framework\\src\\Illuminate\\Routing\\Pipeline.php(53): Illuminate\\Pipeline\\Pipeline->Illuminate\\Pipeline\\{closure}(Object(Illuminate\\Http\\Request))
#26 C:\\Users\\Anisio\\Dropbox\\My PC (DESKTOP-0NN5O01)\\Documents\\GitHub\\SGA\\vendor\\laravel\\framework\\src\\Illuminate\\Cookie\\Middleware\\AddQueuedCookiesToResponse.php(37): Illuminate\\Routing\\Pipeline->Illuminate\\Routing\\{closure}(Object(Illuminate\\Http\\Request))
#27 C:\\Users\\Anisio\\Dropbox\\My PC (DESKTOP-0NN5O01)\\Documents\\GitHub\\SGA\\vendor\\laravel\\framework\\src\\Illuminate\\Pipeline\\Pipeline.php(163): Illuminate\\Cookie\\Middleware\\AddQueuedCookiesToResponse->handle(Object(Illuminate\\Http\\Request), Object(Closure))
#28 C:\\Users\\Anisio\\Dropbox\\My PC (DESKTOP-0NN5O01)\\Documents\\GitHub\\SGA\\vendor\\laravel\\framework\\src\\Illuminate\\Routing\\Pipeline.php(53): Illuminate\\Pipeline\\Pipeline->Illuminate\\Pipeline\\{closure}(Object(Illuminate\\Http\\Request))
#29 C:\\Users\\Anisio\\Dropbox\\My PC (DESKTOP-0NN5O01)\\Documents\\GitHub\\SGA\\vendor\\laravel\\framework\\src\\Illuminate\\Cookie\\Middleware\\EncryptCookies.php(66): Illuminate\\Routing\\Pipeline->Illuminate\\Routing\\{closure}(Object(Illuminate\\Http\\Request))
#30 C:\\Users\\Anisio\\Dropbox\\My PC (DESKTOP-0NN5O01)\\Documents\\GitHub\\SGA\\vendor\\laravel\\framework\\src\\Illuminate\\Pipeline\\Pipeline.php(163): Illuminate\\Cookie\\Middleware\\EncryptCookies->handle(Object(Illuminate\\Http\\Request), Object(Closure))
#31 C:\\Users\\Anisio\\Dropbox\\My PC (DESKTOP-0NN5O01)\\Documents\\GitHub\\SGA\\vendor\\laravel\\framework\\src\\Illuminate\\Routing\\Pipeline.php(53): Illuminate\\Pipeline\\Pipeline->Illuminate\\Pipeline\\{closure}(Object(Illuminate\\Http\\Request))
#32 C:\\Users\\Anisio\\Dropbox\\My PC (DESKTOP-0NN5O01)\\Documents\\GitHub\\SGA\\vendor\\laravel\\framework\\src\\Illuminate\\Pipeline\\Pipeline.php(104): Illuminate\\Routing\\Pipeline->Illuminate\\Routing\\{closure}(Object(Illuminate\\Http\\Request))
#33 C:\\Users\\Anisio\\Dropbox\\My PC (DESKTOP-0NN5O01)\\Documents\\GitHub\\SGA\\vendor\\laravel\\framework\\src\\Illuminate\\Routing\\Router.php(684): Illuminate\\Pipeline\\Pipeline->then(Object(Closure))
#34 C:\\Users\\Anisio\\Dropbox\\My PC (DESKTOP-0NN5O01)\\Documents\\GitHub\\SGA\\vendor\\laravel\\framework\\src\\Illuminate\\Routing\\Router.php(659): Illuminate\\Routing\\Router->runRouteWithinStack(Object(Illuminate\\Routing\\Route), Object(Illuminate\\Http\\Request))
#35 C:\\Users\\Anisio\\Dropbox\\My PC (DESKTOP-0NN5O01)\\Documents\\GitHub\\SGA\\vendor\\laravel\\framework\\src\\Illuminate\\Routing\\Router.php(625): Illuminate\\Routing\\Router->runRoute(Object(Illuminate\\Http\\Request), Object(Illuminate\\Routing\\Route))
#36 C:\\Users\\Anisio\\Dropbox\\My PC (DESKTOP-0NN5O01)\\Documents\\GitHub\\SGA\\vendor\\laravel\\framework\\src\\Illuminate\\Routing\\Router.php(614): Illuminate\\Routing\\Router->dispatchToRoute(Object(Illuminate\\Http\\Request))
#37 C:\\Users\\Anisio\\Dropbox\\My PC (DESKTOP-0NN5O01)\\Documents\\GitHub\\SGA\\vendor\\laravel\\framework\\src\\Illuminate\\Foundation\\Http\\Kernel.php(176): Illuminate\\Routing\\Router->dispatch(Object(Illuminate\\Http\\Request))
#38 C:\\Users\\Anisio\\Dropbox\\My PC (DESKTOP-0NN5O01)\\Documents\\GitHub\\SGA\\vendor\\laravel\\framework\\src\\Illuminate\\Routing\\Pipeline.php(30): Illuminate\\Foundation\\Http\\Kernel->Illuminate\\Foundation\\Http\\{closure}(Object(Illuminate\\Http\\Request))
#39 C:\\Users\\Anisio\\Dropbox\\My PC (DESKTOP-0NN5O01)\\Documents\\GitHub\\SGA\\vendor\\fideloper\\proxy\\src\\TrustProxies.php(57): Illuminate\\Routing\\Pipeline->Illuminate\\Routing\\{closure}(Object(Illuminate\\Http\\Request))
#40 C:\\Users\\Anisio\\Dropbox\\My PC (DESKTOP-0NN5O01)\\Documents\\GitHub\\SGA\\vendor\\laravel\\framework\\src\\Illuminate\\Pipeline\\Pipeline.php(163): Fideloper\\Proxy\\TrustProxies->handle(Object(Illuminate\\Http\\Request), Object(Closure))
#41 C:\\Users\\Anisio\\Dropbox\\My PC (DESKTOP-0NN5O01)\\Documents\\GitHub\\SGA\\vendor\\laravel\\framework\\src\\Illuminate\\Routing\\Pipeline.php(53): Illuminate\\Pipeline\\Pipeline->Illuminate\\Pipeline\\{closure}(Object(Illuminate\\Http\\Request))
#42 C:\\Users\\Anisio\\Dropbox\\My PC (DESKTOP-0NN5O01)\\Documents\\GitHub\\SGA\\vendor\\laravel\\framework\\src\\Illuminate\\Foundation\\Http\\Middleware\\TransformsRequest.php(31): Illuminate\\Routing\\Pipeline->Illuminate\\Routing\\{closure}(Object(Illuminate\\Http\\Request))
#43 C:\\Users\\Anisio\\Dropbox\\My PC (DESKTOP-0NN5O01)\\Documents\\GitHub\\SGA\\vendor\\laravel\\framework\\src\\Illuminate\\Pipeline\\Pipeline.php(163): Illuminate\\Foundation\\Http\\Middleware\\TransformsRequest->handle(Object(Illuminate\\Http\\Request), Object(Closure))
#44 C:\\Users\\Anisio\\Dropbox\\My PC (DESKTOP-0NN5O01)\\Documents\\GitHub\\SGA\\vendor\\laravel\\framework\\src\\Illuminate\\Routing\\Pipeline.php(53): Illuminate\\Pipeline\\Pipeline->Illuminate\\Pipeline\\{closure}(Object(Illuminate\\Http\\Request))
#45 C:\\Users\\Anisio\\Dropbox\\My PC (DESKTOP-0NN5O01)\\Documents\\GitHub\\SGA\\vendor\\laravel\\framework\\src\\Illuminate\\Foundation\\Http\\Middleware\\TransformsRequest.php(31): Illuminate\\Routing\\Pipeline->Illuminate\\Routing\\{closure}(Object(Illuminate\\Http\\Request))
#46 C:\\Users\\Anisio\\Dropbox\\My PC (DESKTOP-0NN5O01)\\Documents\\GitHub\\SGA\\vendor\\laravel\\framework\\src\\Illuminate\\Pipeline\\Pipeline.php(163): Illuminate\\Foundation\\Http\\Middleware\\TransformsRequest->handle(Object(Illuminate\\Http\\Request), Object(Closure))
#47 C:\\Users\\Anisio\\Dropbox\\My PC (DESKTOP-0NN5O01)\\Documents\\GitHub\\SGA\\vendor\\laravel\\framework\\src\\Illuminate\\Routing\\Pipeline.php(53): Illuminate\\Pipeline\\Pipeline->Illuminate\\Pipeline\\{closure}(Object(Illuminate\\Http\\Request))
#48 C:\\Users\\Anisio\\Dropbox\\My PC (DESKTOP-0NN5O01)\\Documents\\GitHub\\SGA\\vendor\\laravel\\framework\\src\\Illuminate\\Foundation\\Http\\Middleware\\ValidatePostSize.php(27): Illuminate\\Routing\\Pipeline->Illuminate\\Routing\\{closure}(Object(Illuminate\\Http\\Request))
#49 C:\\Users\\Anisio\\Dropbox\\My PC (DESKTOP-0NN5O01)\\Documents\\GitHub\\SGA\\vendor\\laravel\\framework\\src\\Illuminate\\Pipeline\\Pipeline.php(163): Illuminate\\Foundation\\Http\\Middleware\\ValidatePostSize->handle(Object(Illuminate\\Http\\Request), Object(Closure))
#50 C:\\Users\\Anisio\\Dropbox\\My PC (DESKTOP-0NN5O01)\\Documents\\GitHub\\SGA\\vendor\\laravel\\framework\\src\\Illuminate\\Routing\\Pipeline.php(53): Illuminate\\Pipeline\\Pipeline->Illuminate\\Pipeline\\{closure}(Object(Illuminate\\Http\\Request))
#51 C:\\Users\\Anisio\\Dropbox\\My PC (DESKTOP-0NN5O01)\\Documents\\GitHub\\SGA\\vendor\\laravel\\framework\\src\\Illuminate\\Foundation\\Http\\Middleware\\CheckForMaintenanceMode.php(62): Illuminate\\Routing\\Pipeline->Illuminate\\Routing\\{closure}(Object(Illuminate\\Http\\Request))
#52 C:\\Users\\Anisio\\Dropbox\\My PC (DESKTOP-0NN5O01)\\Documents\\GitHub\\SGA\\vendor\\laravel\\framework\\src\\Illuminate\\Pipeline\\Pipeline.php(163): Illuminate\\Foundation\\Http\\Middleware\\CheckForMaintenanceMode->handle(Object(Illuminate\\Http\\Request), Object(Closure))
#53 C:\\Users\\Anisio\\Dropbox\\My PC (DESKTOP-0NN5O01)\\Documents\\GitHub\\SGA\\vendor\\laravel\\framework\\src\\Illuminate\\Routing\\Pipeline.php(53): Illuminate\\Pipeline\\Pipeline->Illuminate\\Pipeline\\{closure}(Object(Illuminate\\Http\\Request))
#54 C:\\Users\\Anisio\\Dropbox\\My PC (DESKTOP-0NN5O01)\\Documents\\GitHub\\SGA\\vendor\\laravel\\framework\\src\\Illuminate\\Pipeline\\Pipeline.php(104): Illuminate\\Routing\\Pipeline->Illuminate\\Routing\\{closure}(Object(Illuminate\\Http\\Request))
#55 C:\\Users\\Anisio\\Dropbox\\My PC (DESKTOP-0NN5O01)\\Documents\\GitHub\\SGA\\vendor\\laravel\\framework\\src\\Illuminate\\Foundation\\Http\\Kernel.php(151): Illuminate\\Pipeline\\Pipeline->then(Object(Closure))
#56 C:\\Users\\Anisio\\Dropbox\\My PC (DESKTOP-0NN5O01)\\Documents\\GitHub\\SGA\\vendor\\laravel\\framework\\src\\Illuminate\\Foundation\\Http\\Kernel.php(116): Illuminate\\Foundation\\Http\\Kernel->sendRequestThroughRouter(Object(Illuminate\\Http\\Request))
#57 C:\\Users\\Anisio\\Dropbox\\My PC (DESKTOP-0NN5O01)\\Documents\\GitHub\\SGA\\public\\index.php(55): Illuminate\\Foundation\\Http\\Kernel->handle(Object(Illuminate\\Http\\Request))
#58 C:\\Users\\Anisio\\Dropbox\\My PC (DESKTOP-0NN5O01)\\Documents\\GitHub\\SGA\\server.php(21): require_once('C:\\\\Users\\\\Anisio...')
#59 {main}
"} 
[2021-08-09 20:42:24] local.ERROR: SQLSTATE[42S02]: Base table or view not found: 1146 Table 'sg_logistica.equipamento' doesn't exist (SQL: select count(*) as aggregate from `equipamento`) {"userId":3,"email":"anisio.bule@gmail.com","exception":"[object] (Illuminate\\Database\\QueryException(code: 42S02): SQLSTATE[42S02]: Base table or view not found: 1146 Table 'sg_logistica.equipamento' doesn't exist (SQL: select count(*) as aggregate from `equipamento`) at C:\\Users\\Anisio\\Dropbox\\My PC (DESKTOP-0NN5O01)\\Documents\\GitHub\\SGA\\vendor\\laravel\\framework\\src\\Illuminate\\Database\\Connection.php:664, PDOException(code: 42S02): SQLSTATE[42S02]: Base table or view not found: 1146 Table 'sg_logistica.equipamento' doesn't exist at C:\\Users\\Anisio\\Dropbox\\My PC (DESKTOP-0NN5O01)\\Documents\\GitHub\\SGA\\vendor\\laravel\\framework\\src\\Illuminate\\Database\\Connection.php:326)
[stacktrace]
#0 C:\\Users\\Anisio\\Dropbox\\My PC (DESKTOP-0NN5O01)\\Documents\\GitHub\\SGA\\vendor\\laravel\\framework\\src\\Illuminate\\Database\\Connection.php(624): Illuminate\\Database\\Connection->runQueryCallback('select count(*)...', Array, Object(Closure))
#1 C:\\Users\\Anisio\\Dropbox\\My PC (DESKTOP-0NN5O01)\\Documents\\GitHub\\SGA\\vendor\\laravel\\framework\\src\\Illuminate\\Database\\Connection.php(333): Illuminate\\Database\\Connection->run('select count(*)...', Array, Object(Closure))
#2 C:\\Users\\Anisio\\Dropbox\\My PC (DESKTOP-0NN5O01)\\Documents\\GitHub\\SGA\\vendor\\laravel\\framework\\src\\Illuminate\\Database\\Query\\Builder.php(2095): Illuminate\\Database\\Connection->select('select count(*)...', Array, true)
#3 C:\\Users\\Anisio\\Dropbox\\My PC (DESKTOP-0NN5O01)\\Documents\\GitHub\\SGA\\vendor\\laravel\\framework\\src\\Illuminate\\Database\\Query\\Builder.php(2083): Illuminate\\Database\\Query\\Builder->runSelect()
#4 C:\\Users\\Anisio\\Dropbox\\My PC (DESKTOP-0NN5O01)\\Documents\\GitHub\\SGA\\vendor\\laravel\\framework\\src\\Illuminate\\Database\\Query\\Builder.php(2569): Illuminate\\Database\\Query\\Builder->Illuminate\\Database\\Query\\{closure}()
#5 C:\\Users\\Anisio\\Dropbox\\My PC (DESKTOP-0NN5O01)\\Documents\\GitHub\\SGA\\vendor\\laravel\\framework\\src\\Illuminate\\Database\\Query\\Builder.php(2084): Illuminate\\Database\\Query\\Builder->onceWithColumns(Array, Object(Closure))
#6 C:\\Users\\Anisio\\Dropbox\\My PC (DESKTOP-0NN5O01)\\Documents\\GitHub\\SGA\\vendor\\laravel\\framework\\src\\Illuminate\\Database\\Query\\Builder.php(2496): Illuminate\\Database\\Query\\Builder->get(Array)
#7 C:\\Users\\Anisio\\Dropbox\\My PC (DESKTOP-0NN5O01)\\Documents\\GitHub\\SGA\\vendor\\laravel\\framework\\src\\Illuminate\\Database\\Query\\Builder.php(2424): Illuminate\\Database\\Query\\Builder->aggregate('count', Array)
#8 C:\\Users\\Anisio\\Dropbox\\My PC (DESKTOP-0NN5O01)\\Documents\\GitHub\\SGA\\app\\Http\\Controllers\\dashController.php(22): Illuminate\\Database\\Query\\Builder->count()
#9 [internal function]: Gestao_Assistencias\\Http\\Controllers\\dashController->index()
#10 C:\\Users\\Anisio\\Dropbox\\My PC (DESKTOP-0NN5O01)\\Documents\\GitHub\\SGA\\vendor\\laravel\\framework\\src\\Illuminate\\Routing\\Controller.php(54): call_user_func_array(Array, Array)
#11 C:\\Users\\Anisio\\Dropbox\\My PC (DESKTOP-0NN5O01)\\Documents\\GitHub\\SGA\\vendor\\laravel\\framework\\src\\Illuminate\\Routing\\ControllerDispatcher.php(45): Illuminate\\Routing\\Controller->callAction('index', Array)
#12 C:\\Users\\Anisio\\Dropbox\\My PC (DESKTOP-0NN5O01)\\Documents\\GitHub\\SGA\\vendor\\laravel\\framework\\src\\Illuminate\\Routing\\Route.php(219): Illuminate\\Routing\\ControllerDispatcher->dispatch(Object(Illuminate\\Routing\\Route), Object(Gestao_Assistencias\\Http\\Controllers\\dashController), 'index')
#13 C:\\Users\\Anisio\\Dropbox\\My PC (DESKTOP-0NN5O01)\\Documents\\GitHub\\SGA\\vendor\\laravel\\framework\\src\\Illuminate\\Routing\\Route.php(176): Illuminate\\Routing\\Route->runController()
#14 C:\\Users\\Anisio\\Dropbox\\My PC (DESKTOP-0NN5O01)\\Documents\\GitHub\\SGA\\vendor\\laravel\\framework\\src\\Illuminate\\Routing\\Router.php(682): Illuminate\\Routing\\Route->run()
#15 C:\\Users\\Anisio\\Dropbox\\My PC (DESKTOP-0NN5O01)\\Documents\\GitHub\\SGA\\vendor\\laravel\\framework\\src\\Illuminate\\Routing\\Pipeline.php(30): Illuminate\\Routing\\Router->Illuminate\\Routing\\{closure}(Object(Illuminate\\Http\\Request))
#16 C:\\Users\\Anisio\\Dropbox\\My PC (DESKTOP-0NN5O01)\\Documents\\GitHub\\SGA\\vendor\\laravel\\framework\\src\\Illuminate\\Routing\\Middleware\\SubstituteBindings.php(41): Illuminate\\Routing\\Pipeline->Illuminate\\Routing\\{closure}(Object(Illuminate\\Http\\Request))
#17 C:\\Users\\Anisio\\Dropbox\\My PC (DESKTOP-0NN5O01)\\Documents\\GitHub\\SGA\\vendor\\laravel\\framework\\src\\Illuminate\\Pipeline\\Pipeline.php(163): Illuminate\\Routing\\Middleware\\SubstituteBindings->handle(Object(Illuminate\\Http\\Request), Object(Closure))
#18 C:\\Users\\Anisio\\Dropbox\\My PC (DESKTOP-0NN5O01)\\Documents\\GitHub\\SGA\\vendor\\laravel\\framework\\src\\Illuminate\\Routing\\Pipeline.php(53): Illuminate\\Pipeline\\Pipeline->Illuminate\\Pipeline\\{closure}(Object(Illuminate\\Http\\Request))
#19 C:\\Users\\Anisio\\Dropbox\\My PC (DESKTOP-0NN5O01)\\Documents\\GitHub\\SGA\\vendor\\laravel\\framework\\src\\Illuminate\\Auth\\Middleware\\Authenticate.php(43): Illuminate\\Routing\\Pipeline->Illuminate\\Routing\\{closure}(Object(Illuminate\\Http\\Request))
#20 C:\\Users\\Anisio\\Dropbox\\My PC (DESKTOP-0NN5O01)\\Documents\\GitHub\\SGA\\vendor\\laravel\\framework\\src\\Illuminate\\Pipeline\\Pipeline.php(163): Illuminate\\Auth\\Middleware\\Authenticate->handle(Object(Illuminate\\Http\\Request), Object(Closure))
#21 C:\\Users\\Anisio\\Dropbox\\My PC (DESKTOP-0NN5O01)\\Documents\\GitHub\\SGA\\vendor\\laravel\\framework\\src\\Illuminate\\Routing\\Pipeline.php(53): Illuminate\\Pipeline\\Pipeline->Illuminate\\Pipeline\\{closure}(Object(Illuminate\\Http\\Request))
#22 C:\\Users\\Anisio\\Dropbox\\My PC (DESKTOP-0NN5O01)\\Documents\\GitHub\\SGA\\vendor\\laravel\\framework\\src\\Illuminate\\Foundation\\Http\\Middleware\\VerifyCsrfToken.php(75): Illuminate\\Routing\\Pipeline->Illuminate\\Routing\\{closure}(Object(Illuminate\\Http\\Request))
#23 C:\\Users\\Anisio\\Dropbox\\My PC (DESKTOP-0NN5O01)\\Documents\\GitHub\\SGA\\vendor\\laravel\\framework\\src\\Illuminate\\Pipeline\\Pipeline.php(163): Illuminate\\Foundation\\Http\\Middleware\\VerifyCsrfToken->handle(Object(Illuminate\\Http\\Request), Object(Closure))
#24 C:\\Users\\Anisio\\Dropbox\\My PC (DESKTOP-0NN5O01)\\Documents\\GitHub\\SGA\\vendor\\laravel\\framework\\src\\Illuminate\\Routing\\Pipeline.php(53): Illuminate\\Pipeline\\Pipeline->Illuminate\\Pipeline\\{closure}(Object(Illuminate\\Http\\Request))
#25 C:\\Users\\Anisio\\Dropbox\\My PC (DESKTOP-0NN5O01)\\Documents\\GitHub\\SGA\\vendor\\laravel\\framework\\src\\Illuminate\\View\\Middleware\\ShareErrorsFromSession.php(49): Illuminate\\Routing\\Pipeline->Illuminate\\Routing\\{closure}(Object(Illuminate\\Http\\Request))
#26 C:\\Users\\Anisio\\Dropbox\\My PC (DESKTOP-0NN5O01)\\Documents\\GitHub\\SGA\\vendor\\laravel\\framework\\src\\Illuminate\\Pipeline\\Pipeline.php(163): Illuminate\\View\\Middleware\\ShareErrorsFromSession->handle(Object(Illuminate\\Http\\Request), Object(Closure))
#27 C:\\Users\\Anisio\\Dropbox\\My PC (DESKTOP-0NN5O01)\\Documents\\GitHub\\SGA\\vendor\\laravel\\framework\\src\\Illuminate\\Routing\\Pipeline.php(53): Illuminate\\Pipeline\\Pipeline->Illuminate\\Pipeline\\{closure}(Object(Illuminate\\Http\\Request))
#28 C:\\Users\\Anisio\\Dropbox\\My PC (DESKTOP-0NN5O01)\\Documents\\GitHub\\SGA\\vendor\\laravel\\framework\\src\\Illuminate\\Session\\Middleware\\StartSession.php(63): Illuminate\\Routing\\Pipeline->Illuminate\\Routing\\{closure}(Object(Illuminate\\Http\\Request))
#29 C:\\Users\\Anisio\\Dropbox\\My PC (DESKTOP-0NN5O01)\\Documents\\GitHub\\SGA\\vendor\\laravel\\framework\\src\\Illuminate\\Pipeline\\Pipeline.php(163): Illuminate\\Session\\Middleware\\StartSession->handle(Object(Illuminate\\Http\\Request), Object(Closure))
#30 C:\\Users\\Anisio\\Dropbox\\My PC (DESKTOP-0NN5O01)\\Documents\\GitHub\\SGA\\vendor\\laravel\\framework\\src\\Illuminate\\Routing\\Pipeline.php(53): Illuminate\\Pipeline\\Pipeline->Illuminate\\Pipeline\\{closure}(Object(Illuminate\\Http\\Request))
#31 C:\\Users\\Anisio\\Dropbox\\My PC (DESKTOP-0NN5O01)\\Documents\\GitHub\\SGA\\vendor\\laravel\\framework\\src\\Illuminate\\Cookie\\Middleware\\AddQueuedCookiesToResponse.php(37): Illuminate\\Routing\\Pipeline->Illuminate\\Routing\\{closure}(Object(Illuminate\\Http\\Request))
#32 C:\\Users\\Anisio\\Dropbox\\My PC (DESKTOP-0NN5O01)\\Documents\\GitHub\\SGA\\vendor\\laravel\\framework\\src\\Illuminate\\Pipeline\\Pipeline.php(163): Illuminate\\Cookie\\Middleware\\AddQueuedCookiesToResponse->handle(Object(Illuminate\\Http\\Request), Object(Closure))
#33 C:\\Users\\Anisio\\Dropbox\\My PC (DESKTOP-0NN5O01)\\Documents\\GitHub\\SGA\\vendor\\laravel\\framework\\src\\Illuminate\\Routing\\Pipeline.php(53): Illuminate\\Pipeline\\Pipeline->Illuminate\\Pipeline\\{closure}(Object(Illuminate\\Http\\Request))
#34 C:\\Users\\Anisio\\Dropbox\\My PC (DESKTOP-0NN5O01)\\Documents\\GitHub\\SGA\\vendor\\laravel\\framework\\src\\Illuminate\\Cookie\\Middleware\\EncryptCookies.php(66): Illuminate\\Routing\\Pipeline->Illuminate\\Routing\\{closure}(Object(Illuminate\\Http\\Request))
#35 C:\\Users\\Anisio\\Dropbox\\My PC (DESKTOP-0NN5O01)\\Documents\\GitHub\\SGA\\vendor\\laravel\\framework\\src\\Illuminate\\Pipeline\\Pipeline.php(163): Illuminate\\Cookie\\Middleware\\EncryptCookies->handle(Object(Illuminate\\Http\\Request), Object(Closure))
#36 C:\\Users\\Anisio\\Dropbox\\My PC (DESKTOP-0NN5O01)\\Documents\\GitHub\\SGA\\vendor\\laravel\\framework\\src\\Illuminate\\Routing\\Pipeline.php(53): Illuminate\\Pipeline\\Pipeline->Illuminate\\Pipeline\\{closure}(Object(Illuminate\\Http\\Request))
#37 C:\\Users\\Anisio\\Dropbox\\My PC (DESKTOP-0NN5O01)\\Documents\\GitHub\\SGA\\vendor\\laravel\\framework\\src\\Illuminate\\Pipeline\\Pipeline.php(104): Illuminate\\Routing\\Pipeline->Illuminate\\Routing\\{closure}(Object(Illuminate\\Http\\Request))
#38 C:\\Users\\Anisio\\Dropbox\\My PC (DESKTOP-0NN5O01)\\Documents\\GitHub\\SGA\\vendor\\laravel\\framework\\src\\Illuminate\\Routing\\Router.php(684): Illuminate\\Pipeline\\Pipeline->then(Object(Closure))
#39 C:\\Users\\Anisio\\Dropbox\\My PC (DESKTOP-0NN5O01)\\Documents\\GitHub\\SGA\\vendor\\laravel\\framework\\src\\Illuminate\\Routing\\Router.php(659): Illuminate\\Routing\\Router->runRouteWithinStack(Object(Illuminate\\Routing\\Route), Object(Illuminate\\Http\\Request))
#40 C:\\Users\\Anisio\\Dropbox\\My PC (DESKTOP-0NN5O01)\\Documents\\GitHub\\SGA\\vendor\\laravel\\framework\\src\\Illuminate\\Routing\\Router.php(625): Illuminate\\Routing\\Router->runRoute(Object(Illuminate\\Http\\Request), Object(Illuminate\\Routing\\Route))
#41 C:\\Users\\Anisio\\Dropbox\\My PC (DESKTOP-0NN5O01)\\Documents\\GitHub\\SGA\\vendor\\laravel\\framework\\src\\Illuminate\\Routing\\Router.php(614): Illuminate\\Routing\\Router->dispatchToRoute(Object(Illuminate\\Http\\Request))
#42 C:\\Users\\Anisio\\Dropbox\\My PC (DESKTOP-0NN5O01)\\Documents\\GitHub\\SGA\\vendor\\laravel\\framework\\src\\Illuminate\\Foundation\\Http\\Kernel.php(176): Illuminate\\Routing\\Router->dispatch(Object(Illuminate\\Http\\Request))
#43 C:\\Users\\Anisio\\Dropbox\\My PC (DESKTOP-0NN5O01)\\Documents\\GitHub\\SGA\\vendor\\laravel\\framework\\src\\Illuminate\\Routing\\Pipeline.php(30): Illuminate\\Foundation\\Http\\Kernel->Illuminate\\Foundation\\Http\\{closure}(Object(Illuminate\\Http\\Request))
#44 C:\\Users\\Anisio\\Dropbox\\My PC (DESKTOP-0NN5O01)\\Documents\\GitHub\\SGA\\vendor\\fideloper\\proxy\\src\\TrustProxies.php(57): Illuminate\\Routing\\Pipeline->Illuminate\\Routing\\{closure}(Object(Illuminate\\Http\\Request))
#45 C:\\Users\\Anisio\\Dropbox\\My PC (DESKTOP-0NN5O01)\\Documents\\GitHub\\SGA\\vendor\\laravel\\framework\\src\\Illuminate\\Pipeline\\Pipeline.php(163): Fideloper\\Proxy\\TrustProxies->handle(Object(Illuminate\\Http\\Request), Object(Closure))
#46 C:\\Users\\Anisio\\Dropbox\\My PC (DESKTOP-0NN5O01)\\Documents\\GitHub\\SGA\\vendor\\laravel\\framework\\src\\Illuminate\\Routing\\Pipeline.php(53): Illuminate\\Pipeline\\Pipeline->Illuminate\\Pipeline\\{closure}(Object(Illuminate\\Http\\Request))
#47 C:\\Users\\Anisio\\Dropbox\\My PC (DESKTOP-0NN5O01)\\Documents\\GitHub\\SGA\\vendor\\laravel\\framework\\src\\Illuminate\\Foundation\\Http\\Middleware\\TransformsRequest.php(31): Illuminate\\Routing\\Pipeline->Illuminate\\Routing\\{closure}(Object(Illuminate\\Http\\Request))
#48 C:\\Users\\Anisio\\Dropbox\\My PC (DESKTOP-0NN5O01)\\Documents\\GitHub\\SGA\\vendor\\laravel\\framework\\src\\Illuminate\\Pipeline\\Pipeline.php(163): Illuminate\\Foundation\\Http\\Middleware\\TransformsRequest->handle(Object(Illuminate\\Http\\Request), Object(Closure))
#49 C:\\Users\\Anisio\\Dropbox\\My PC (DESKTOP-0NN5O01)\\Documents\\GitHub\\SGA\\vendor\\laravel\\framework\\src\\Illuminate\\Routing\\Pipeline.php(53): Illuminate\\Pipeline\\Pipeline->Illuminate\\Pipeline\\{closure}(Object(Illuminate\\Http\\Request))
#50 C:\\Users\\Anisio\\Dropbox\\My PC (DESKTOP-0NN5O01)\\Documents\\GitHub\\SGA\\vendor\\laravel\\framework\\src\\Illuminate\\Foundation\\Http\\Middleware\\TransformsRequest.php(31): Illuminate\\Routing\\Pipeline->Illuminate\\Routing\\{closure}(Object(Illuminate\\Http\\Request))
#51 C:\\Users\\Anisio\\Dropbox\\My PC (DESKTOP-0NN5O01)\\Documents\\GitHub\\SGA\\vendor\\laravel\\framework\\src\\Illuminate\\Pipeline\\Pipeline.php(163): Illuminate\\Foundation\\Http\\Middleware\\TransformsRequest->handle(Object(Illuminate\\Http\\Request), Object(Closure))
#52 C:\\Users\\Anisio\\Dropbox\\My PC (DESKTOP-0NN5O01)\\Documents\\GitHub\\SGA\\vendor\\laravel\\framework\\src\\Illuminate\\Routing\\Pipeline.php(53): Illuminate\\Pipeline\\Pipeline->Illuminate\\Pipeline\\{closure}(Object(Illuminate\\Http\\Request))
#53 C:\\Users\\Anisio\\Dropbox\\My PC (DESKTOP-0NN5O01)\\Documents\\GitHub\\SGA\\vendor\\laravel\\framework\\src\\Illuminate\\Foundation\\Http\\Middleware\\ValidatePostSize.php(27): Illuminate\\Routing\\Pipeline->Illuminate\\Routing\\{closure}(Object(Illuminate\\Http\\Request))
#54 C:\\Users\\Anisio\\Dropbox\\My PC (DESKTOP-0NN5O01)\\Documents\\GitHub\\SGA\\vendor\\laravel\\framework\\src\\Illuminate\\Pipeline\\Pipeline.php(163): Illuminate\\Foundation\\Http\\Middleware\\ValidatePostSize->handle(Object(Illuminate\\Http\\Request), Object(Closure))
#55 C:\\Users\\Anisio\\Dropbox\\My PC (DESKTOP-0NN5O01)\\Documents\\GitHub\\SGA\\vendor\\laravel\\framework\\src\\Illuminate\\Routing\\Pipeline.php(53): Illuminate\\Pipeline\\Pipeline->Illuminate\\Pipeline\\{closure}(Object(Illuminate\\Http\\Request))
#56 C:\\Users\\Anisio\\Dropbox\\My PC (DESKTOP-0NN5O01)\\Documents\\GitHub\\SGA\\vendor\\laravel\\framework\\src\\Illuminate\\Foundation\\Http\\Middleware\\CheckForMaintenanceMode.php(62): Illuminate\\Routing\\Pipeline->Illuminate\\Routing\\{closure}(Object(Illuminate\\Http\\Request))
#57 C:\\Users\\Anisio\\Dropbox\\My PC (DESKTOP-0NN5O01)\\Documents\\GitHub\\SGA\\vendor\\laravel\\framework\\src\\Illuminate\\Pipeline\\Pipeline.php(163): Illuminate\\Foundation\\Http\\Middleware\\CheckForMaintenanceMode->handle(Object(Illuminate\\Http\\Request), Object(Closure))
#58 C:\\Users\\Anisio\\Dropbox\\My PC (DESKTOP-0NN5O01)\\Documents\\GitHub\\SGA\\vendor\\laravel\\framework\\src\\Illuminate\\Routing\\Pipeline.php(53): Illuminate\\Pipeline\\Pipeline->Illuminate\\Pipeline\\{closure}(Object(Illuminate\\Http\\Request))
#59 C:\\Users\\Anisio\\Dropbox\\My PC (DESKTOP-0NN5O01)\\Documents\\GitHub\\SGA\\vendor\\laravel\\framework\\src\\Illuminate\\Pipeline\\Pipeline.php(104): Illuminate\\Routing\\Pipeline->Illuminate\\Routing\\{closure}(Object(Illuminate\\Http\\Request))
#60 C:\\Users\\Anisio\\Dropbox\\My PC (DESKTOP-0NN5O01)\\Documents\\GitHub\\SGA\\vendor\\laravel\\framework\\src\\Illuminate\\Foundation\\Http\\Kernel.php(151): Illuminate\\Pipeline\\Pipeline->then(Object(Closure))
#61 C:\\Users\\Anisio\\Dropbox\\My PC (DESKTOP-0NN5O01)\\Documents\\GitHub\\SGA\\vendor\\laravel\\framework\\src\\Illuminate\\Foundation\\Http\\Kernel.php(116): Illuminate\\Foundation\\Http\\Kernel->sendRequestThroughRouter(Object(Illuminate\\Http\\Request))
#62 C:\\Users\\Anisio\\Dropbox\\My PC (DESKTOP-0NN5O01)\\Documents\\GitHub\\SGA\\public\\index.php(55): Illuminate\\Foundation\\Http\\Kernel->handle(Object(Illuminate\\Http\\Request))
#63 C:\\Users\\Anisio\\Dropbox\\My PC (DESKTOP-0NN5O01)\\Documents\\GitHub\\SGA\\server.php(21): require_once('C:\\\\Users\\\\Anisio...')
#64 {main}
"} 
[2021-08-09 20:43:54] local.ERROR: SQLSTATE[42S02]: Base table or view not found: 1146 Table 'sg_logistica.equipamento' doesn't exist (SQL: select count(*) as aggregate from `equipamento`) {"userId":3,"email":"anisio.bule@gmail.com","exception":"[object] (Illuminate\\Database\\QueryException(code: 42S02): SQLSTATE[42S02]: Base table or view not found: 1146 Table 'sg_logistica.equipamento' doesn't exist (SQL: select count(*) as aggregate from `equipamento`) at C:\\Users\\Anisio\\Dropbox\\My PC (DESKTOP-0NN5O01)\\Documents\\GitHub\\SGA\\vendor\\laravel\\framework\\src\\Illuminate\\Database\\Connection.php:664, PDOException(code: 42S02): SQLSTATE[42S02]: Base table or view not found: 1146 Table 'sg_logistica.equipamento' doesn't exist at C:\\Users\\Anisio\\Dropbox\\My PC (DESKTOP-0NN5O01)\\Documents\\GitHub\\SGA\\vendor\\laravel\\framework\\src\\Illuminate\\Database\\Connection.php:326)
[stacktrace]
#0 C:\\Users\\Anisio\\Dropbox\\My PC (DESKTOP-0NN5O01)\\Documents\\GitHub\\SGA\\vendor\\laravel\\framework\\src\\Illuminate\\Database\\Connection.php(624): Illuminate\\Database\\Connection->runQueryCallback('select count(*)...', Array, Object(Closure))
#1 C:\\Users\\Anisio\\Dropbox\\My PC (DESKTOP-0NN5O01)\\Documents\\GitHub\\SGA\\vendor\\laravel\\framework\\src\\Illuminate\\Database\\Connection.php(333): Illuminate\\Database\\Connection->run('select count(*)...', Array, Object(Closure))
#2 C:\\Users\\Anisio\\Dropbox\\My PC (DESKTOP-0NN5O01)\\Documents\\GitHub\\SGA\\vendor\\laravel\\framework\\src\\Illuminate\\Database\\Query\\Builder.php(2095): Illuminate\\Database\\Connection->select('select count(*)...', Array, true)
#3 C:\\Users\\Anisio\\Dropbox\\My PC (DESKTOP-0NN5O01)\\Documents\\GitHub\\SGA\\vendor\\laravel\\framework\\src\\Illuminate\\Database\\Query\\Builder.php(2083): Illuminate\\Database\\Query\\Builder->runSelect()
#4 C:\\Users\\Anisio\\Dropbox\\My PC (DESKTOP-0NN5O01)\\Documents\\GitHub\\SGA\\vendor\\laravel\\framework\\src\\Illuminate\\Database\\Query\\Builder.php(2569): Illuminate\\Database\\Query\\Builder->Illuminate\\Database\\Query\\{closure}()
#5 C:\\Users\\Anisio\\Dropbox\\My PC (DESKTOP-0NN5O01)\\Documents\\GitHub\\SGA\\vendor\\laravel\\framework\\src\\Illuminate\\Database\\Query\\Builder.php(2084): Illuminate\\Database\\Query\\Builder->onceWithColumns(Array, Object(Closure))
#6 C:\\Users\\Anisio\\Dropbox\\My PC (DESKTOP-0NN5O01)\\Documents\\GitHub\\SGA\\vendor\\laravel\\framework\\src\\Illuminate\\Database\\Query\\Builder.php(2496): Illuminate\\Database\\Query\\Builder->get(Array)
#7 C:\\Users\\Anisio\\Dropbox\\My PC (DESKTOP-0NN5O01)\\Documents\\GitHub\\SGA\\vendor\\laravel\\framework\\src\\Illuminate\\Database\\Query\\Builder.php(2424): Illuminate\\Database\\Query\\Builder->aggregate('count', Array)
#8 C:\\Users\\Anisio\\Dropbox\\My PC (DESKTOP-0NN5O01)\\Documents\\GitHub\\SGA\\app\\Http\\Controllers\\dashController.php(22): Illuminate\\Database\\Query\\Builder->count()
#9 [internal function]: Gestao_Assistencias\\Http\\Controllers\\dashController->index()
#10 C:\\Users\\Anisio\\Dropbox\\My PC (DESKTOP-0NN5O01)\\Documents\\GitHub\\SGA\\vendor\\laravel\\framework\\src\\Illuminate\\Routing\\Controller.php(54): call_user_func_array(Array, Array)
#11 C:\\Users\\Anisio\\Dropbox\\My PC (DESKTOP-0NN5O01)\\Documents\\GitHub\\SGA\\vendor\\laravel\\framework\\src\\Illuminate\\Routing\\ControllerDispatcher.php(45): Illuminate\\Routing\\Controller->callAction('index', Array)
#12 C:\\Users\\Anisio\\Dropbox\\My PC (DESKTOP-0NN5O01)\\Documents\\GitHub\\SGA\\vendor\\laravel\\framework\\src\\Illuminate\\Routing\\Route.php(219): Illuminate\\Routing\\ControllerDispatcher->dispatch(Object(Illuminate\\Routing\\Route), Object(Gestao_Assistencias\\Http\\Controllers\\dashController), 'index')
#13 C:\\Users\\Anisio\\Dropbox\\My PC (DESKTOP-0NN5O01)\\Documents\\GitHub\\SGA\\vendor\\laravel\\framework\\src\\Illuminate\\Routing\\Route.php(176): Illuminate\\Routing\\Route->runController()
#14 C:\\Users\\Anisio\\Dropbox\\My PC (DESKTOP-0NN5O01)\\Documents\\GitHub\\SGA\\vendor\\laravel\\framework\\src\\Illuminate\\Routing\\Router.php(682): Illuminate\\Routing\\Route->run()
#15 C:\\Users\\Anisio\\Dropbox\\My PC (DESKTOP-0NN5O01)\\Documents\\GitHub\\SGA\\vendor\\laravel\\framework\\src\\Illuminate\\Routing\\Pipeline.php(30): Illuminate\\Routing\\Router->Illuminate\\Routing\\{closure}(Object(Illuminate\\Http\\Request))
#16 C:\\Users\\Anisio\\Dropbox\\My PC (DESKTOP-0NN5O01)\\Documents\\GitHub\\SGA\\vendor\\laravel\\framework\\src\\Illuminate\\Routing\\Middleware\\SubstituteBindings.php(41): Illuminate\\Routing\\Pipeline->Illuminate\\Routing\\{closure}(Object(Illuminate\\Http\\Request))
#17 C:\\Users\\Anisio\\Dropbox\\My PC (DESKTOP-0NN5O01)\\Documents\\GitHub\\SGA\\vendor\\laravel\\framework\\src\\Illuminate\\Pipeline\\Pipeline.php(163): Illuminate\\Routing\\Middleware\\SubstituteBindings->handle(Object(Illuminate\\Http\\Request), Object(Closure))
#18 C:\\Users\\Anisio\\Dropbox\\My PC (DESKTOP-0NN5O01)\\Documents\\GitHub\\SGA\\vendor\\laravel\\framework\\src\\Illuminate\\Routing\\Pipeline.php(53): Illuminate\\Pipeline\\Pipeline->Illuminate\\Pipeline\\{closure}(Object(Illuminate\\Http\\Request))
#19 C:\\Users\\Anisio\\Dropbox\\My PC (DESKTOP-0NN5O01)\\Documents\\GitHub\\SGA\\vendor\\laravel\\framework\\src\\Illuminate\\Auth\\Middleware\\Authenticate.php(43): Illuminate\\Routing\\Pipeline->Illuminate\\Routing\\{closure}(Object(Illuminate\\Http\\Request))
#20 C:\\Users\\Anisio\\Dropbox\\My PC (DESKTOP-0NN5O01)\\Documents\\GitHub\\SGA\\vendor\\laravel\\framework\\src\\Illuminate\\Pipeline\\Pipeline.php(163): Illuminate\\Auth\\Middleware\\Authenticate->handle(Object(Illuminate\\Http\\Request), Object(Closure))
#21 C:\\Users\\Anisio\\Dropbox\\My PC (DESKTOP-0NN5O01)\\Documents\\GitHub\\SGA\\vendor\\laravel\\framework\\src\\Illuminate\\Routing\\Pipeline.php(53): Illuminate\\Pipeline\\Pipeline->Illuminate\\Pipeline\\{closure}(Object(Illuminate\\Http\\Request))
#22 C:\\Users\\Anisio\\Dropbox\\My PC (DESKTOP-0NN5O01)\\Documents\\GitHub\\SGA\\vendor\\laravel\\framework\\src\\Illuminate\\Foundation\\Http\\Middleware\\VerifyCsrfToken.php(75): Illuminate\\Routing\\Pipeline->Illuminate\\Routing\\{closure}(Object(Illuminate\\Http\\Request))
#23 C:\\Users\\Anisio\\Dropbox\\My PC (DESKTOP-0NN5O01)\\Documents\\GitHub\\SGA\\vendor\\laravel\\framework\\src\\Illuminate\\Pipeline\\Pipeline.php(163): Illuminate\\Foundation\\Http\\Middleware\\VerifyCsrfToken->handle(Object(Illuminate\\Http\\Request), Object(Closure))
#24 C:\\Users\\Anisio\\Dropbox\\My PC (DESKTOP-0NN5O01)\\Documents\\GitHub\\SGA\\vendor\\laravel\\framework\\src\\Illuminate\\Routing\\Pipeline.php(53): Illuminate\\Pipeline\\Pipeline->Illuminate\\Pipeline\\{closure}(Object(Illuminate\\Http\\Request))
#25 C:\\Users\\Anisio\\Dropbox\\My PC (DESKTOP-0NN5O01)\\Documents\\GitHub\\SGA\\vendor\\laravel\\framework\\src\\Illuminate\\View\\Middleware\\ShareErrorsFromSession.php(49): Illuminate\\Routing\\Pipeline->Illuminate\\Routing\\{closure}(Object(Illuminate\\Http\\Request))
#26 C:\\Users\\Anisio\\Dropbox\\My PC (DESKTOP-0NN5O01)\\Documents\\GitHub\\SGA\\vendor\\laravel\\framework\\src\\Illuminate\\Pipeline\\Pipeline.php(163): Illuminate\\View\\Middleware\\ShareErrorsFromSession->handle(Object(Illuminate\\Http\\Request), Object(Closure))
#27 C:\\Users\\Anisio\\Dropbox\\My PC (DESKTOP-0NN5O01)\\Documents\\GitHub\\SGA\\vendor\\laravel\\framework\\src\\Illuminate\\Routing\\Pipeline.php(53): Illuminate\\Pipeline\\Pipeline->Illuminate\\Pipeline\\{closure}(Object(Illuminate\\Http\\Request))
#28 C:\\Users\\Anisio\\Dropbox\\My PC (DESKTOP-0NN5O01)\\Documents\\GitHub\\SGA\\vendor\\laravel\\framework\\src\\Illuminate\\Session\\Middleware\\StartSession.php(63): Illuminate\\Routing\\Pipeline->Illuminate\\Routing\\{closure}(Object(Illuminate\\Http\\Request))
#29 C:\\Users\\Anisio\\Dropbox\\My PC (DESKTOP-0NN5O01)\\Documents\\GitHub\\SGA\\vendor\\laravel\\framework\\src\\Illuminate\\Pipeline\\Pipeline.php(163): Illuminate\\Session\\Middleware\\StartSession->handle(Object(Illuminate\\Http\\Request), Object(Closure))
#30 C:\\Users\\Anisio\\Dropbox\\My PC (DESKTOP-0NN5O01)\\Documents\\GitHub\\SGA\\vendor\\laravel\\framework\\src\\Illuminate\\Routing\\Pipeline.php(53): Illuminate\\Pipeline\\Pipeline->Illuminate\\Pipeline\\{closure}(Object(Illuminate\\Http\\Request))
#31 C:\\Users\\Anisio\\Dropbox\\My PC (DESKTOP-0NN5O01)\\Documents\\GitHub\\SGA\\vendor\\laravel\\framework\\src\\Illuminate\\Cookie\\Middleware\\AddQueuedCookiesToResponse.php(37): Illuminate\\Routing\\Pipeline->Illuminate\\Routing\\{closure}(Object(Illuminate\\Http\\Request))
#32 C:\\Users\\Anisio\\Dropbox\\My PC (DESKTOP-0NN5O01)\\Documents\\GitHub\\SGA\\vendor\\laravel\\framework\\src\\Illuminate\\Pipeline\\Pipeline.php(163): Illuminate\\Cookie\\Middleware\\AddQueuedCookiesToResponse->handle(Object(Illuminate\\Http\\Request), Object(Closure))
#33 C:\\Users\\Anisio\\Dropbox\\My PC (DESKTOP-0NN5O01)\\Documents\\GitHub\\SGA\\vendor\\laravel\\framework\\src\\Illuminate\\Routing\\Pipeline.php(53): Illuminate\\Pipeline\\Pipeline->Illuminate\\Pipeline\\{closure}(Object(Illuminate\\Http\\Request))
#34 C:\\Users\\Anisio\\Dropbox\\My PC (DESKTOP-0NN5O01)\\Documents\\GitHub\\SGA\\vendor\\laravel\\framework\\src\\Illuminate\\Cookie\\Middleware\\EncryptCookies.php(66): Illuminate\\Routing\\Pipeline->Illuminate\\Routing\\{closure}(Object(Illuminate\\Http\\Request))
#35 C:\\Users\\Anisio\\Dropbox\\My PC (DESKTOP-0NN5O01)\\Documents\\GitHub\\SGA\\vendor\\laravel\\framework\\src\\Illuminate\\Pipeline\\Pipeline.php(163): Illuminate\\Cookie\\Middleware\\EncryptCookies->handle(Object(Illuminate\\Http\\Request), Object(Closure))
#36 C:\\Users\\Anisio\\Dropbox\\My PC (DESKTOP-0NN5O01)\\Documents\\GitHub\\SGA\\vendor\\laravel\\framework\\src\\Illuminate\\Routing\\Pipeline.php(53): Illuminate\\Pipeline\\Pipeline->Illuminate\\Pipeline\\{closure}(Object(Illuminate\\Http\\Request))
#37 C:\\Users\\Anisio\\Dropbox\\My PC (DESKTOP-0NN5O01)\\Documents\\GitHub\\SGA\\vendor\\laravel\\framework\\src\\Illuminate\\Pipeline\\Pipeline.php(104): Illuminate\\Routing\\Pipeline->Illuminate\\Routing\\{closure}(Object(Illuminate\\Http\\Request))
#38 C:\\Users\\Anisio\\Dropbox\\My PC (DESKTOP-0NN5O01)\\Documents\\GitHub\\SGA\\vendor\\laravel\\framework\\src\\Illuminate\\Routing\\Router.php(684): Illuminate\\Pipeline\\Pipeline->then(Object(Closure))
#39 C:\\Users\\Anisio\\Dropbox\\My PC (DESKTOP-0NN5O01)\\Documents\\GitHub\\SGA\\vendor\\laravel\\framework\\src\\Illuminate\\Routing\\Router.php(659): Illuminate\\Routing\\Router->runRouteWithinStack(Object(Illuminate\\Routing\\Route), Object(Illuminate\\Http\\Request))
#40 C:\\Users\\Anisio\\Dropbox\\My PC (DESKTOP-0NN5O01)\\Documents\\GitHub\\SGA\\vendor\\laravel\\framework\\src\\Illuminate\\Routing\\Router.php(625): Illuminate\\Routing\\Router->runRoute(Object(Illuminate\\Http\\Request), Object(Illuminate\\Routing\\Route))
#41 C:\\Users\\Anisio\\Dropbox\\My PC (DESKTOP-0NN5O01)\\Documents\\GitHub\\SGA\\vendor\\laravel\\framework\\src\\Illuminate\\Routing\\Router.php(614): Illuminate\\Routing\\Router->dispatchToRoute(Object(Illuminate\\Http\\Request))
#42 C:\\Users\\Anisio\\Dropbox\\My PC (DESKTOP-0NN5O01)\\Documents\\GitHub\\SGA\\vendor\\laravel\\framework\\src\\Illuminate\\Foundation\\Http\\Kernel.php(176): Illuminate\\Routing\\Router->dispatch(Object(Illuminate\\Http\\Request))
#43 C:\\Users\\Anisio\\Dropbox\\My PC (DESKTOP-0NN5O01)\\Documents\\GitHub\\SGA\\vendor\\laravel\\framework\\src\\Illuminate\\Routing\\Pipeline.php(30): Illuminate\\Foundation\\Http\\Kernel->Illuminate\\Foundation\\Http\\{closure}(Object(Illuminate\\Http\\Request))
#44 C:\\Users\\Anisio\\Dropbox\\My PC (DESKTOP-0NN5O01)\\Documents\\GitHub\\SGA\\vendor\\fideloper\\proxy\\src\\TrustProxies.php(57): Illuminate\\Routing\\Pipeline->Illuminate\\Routing\\{closure}(Object(Illuminate\\Http\\Request))
#45 C:\\Users\\Anisio\\Dropbox\\My PC (DESKTOP-0NN5O01)\\Documents\\GitHub\\SGA\\vendor\\laravel\\framework\\src\\Illuminate\\Pipeline\\Pipeline.php(163): Fideloper\\Proxy\\TrustProxies->handle(Object(Illuminate\\Http\\Request), Object(Closure))
#46 C:\\Users\\Anisio\\Dropbox\\My PC (DESKTOP-0NN5O01)\\Documents\\GitHub\\SGA\\vendor\\laravel\\framework\\src\\Illuminate\\Routing\\Pipeline.php(53): Illuminate\\Pipeline\\Pipeline->Illuminate\\Pipeline\\{closure}(Object(Illuminate\\Http\\Request))
#47 C:\\Users\\Anisio\\Dropbox\\My PC (DESKTOP-0NN5O01)\\Documents\\GitHub\\SGA\\vendor\\laravel\\framework\\src\\Illuminate\\Foundation\\Http\\Middleware\\TransformsRequest.php(31): Illuminate\\Routing\\Pipeline->Illuminate\\Routing\\{closure}(Object(Illuminate\\Http\\Request))
#48 C:\\Users\\Anisio\\Dropbox\\My PC (DESKTOP-0NN5O01)\\Documents\\GitHub\\SGA\\vendor\\laravel\\framework\\src\\Illuminate\\Pipeline\\Pipeline.php(163): Illuminate\\Foundation\\Http\\Middleware\\TransformsRequest->handle(Object(Illuminate\\Http\\Request), Object(Closure))
#49 C:\\Users\\Anisio\\Dropbox\\My PC (DESKTOP-0NN5O01)\\Documents\\GitHub\\SGA\\vendor\\laravel\\framework\\src\\Illuminate\\Routing\\Pipeline.php(53): Illuminate\\Pipeline\\Pipeline->Illuminate\\Pipeline\\{closure}(Object(Illuminate\\Http\\Request))
#50 C:\\Users\\Anisio\\Dropbox\\My PC (DESKTOP-0NN5O01)\\Documents\\GitHub\\SGA\\vendor\\laravel\\framework\\src\\Illuminate\\Foundation\\Http\\Middleware\\TransformsRequest.php(31): Illuminate\\Routing\\Pipeline->Illuminate\\Routing\\{closure}(Object(Illuminate\\Http\\Request))
#51 C:\\Users\\Anisio\\Dropbox\\My PC (DESKTOP-0NN5O01)\\Documents\\GitHub\\SGA\\vendor\\laravel\\framework\\src\\Illuminate\\Pipeline\\Pipeline.php(163): Illuminate\\Foundation\\Http\\Middleware\\TransformsRequest->handle(Object(Illuminate\\Http\\Request), Object(Closure))
#52 C:\\Users\\Anisio\\Dropbox\\My PC (DESKTOP-0NN5O01)\\Documents\\GitHub\\SGA\\vendor\\laravel\\framework\\src\\Illuminate\\Routing\\Pipeline.php(53): Illuminate\\Pipeline\\Pipeline->Illuminate\\Pipeline\\{closure}(Object(Illuminate\\Http\\Request))
#53 C:\\Users\\Anisio\\Dropbox\\My PC (DESKTOP-0NN5O01)\\Documents\\GitHub\\SGA\\vendor\\laravel\\framework\\src\\Illuminate\\Foundation\\Http\\Middleware\\ValidatePostSize.php(27): Illuminate\\Routing\\Pipeline->Illuminate\\Routing\\{closure}(Object(Illuminate\\Http\\Request))
#54 C:\\Users\\Anisio\\Dropbox\\My PC (DESKTOP-0NN5O01)\\Documents\\GitHub\\SGA\\vendor\\laravel\\framework\\src\\Illuminate\\Pipeline\\Pipeline.php(163): Illuminate\\Foundation\\Http\\Middleware\\ValidatePostSize->handle(Object(Illuminate\\Http\\Request), Object(Closure))
#55 C:\\Users\\Anisio\\Dropbox\\My PC (DESKTOP-0NN5O01)\\Documents\\GitHub\\SGA\\vendor\\laravel\\framework\\src\\Illuminate\\Routing\\Pipeline.php(53): Illuminate\\Pipeline\\Pipeline->Illuminate\\Pipeline\\{closure}(Object(Illuminate\\Http\\Request))
#56 C:\\Users\\Anisio\\Dropbox\\My PC (DESKTOP-0NN5O01)\\Documents\\GitHub\\SGA\\vendor\\laravel\\framework\\src\\Illuminate\\Foundation\\Http\\Middleware\\CheckForMaintenanceMode.php(62): Illuminate\\Routing\\Pipeline->Illuminate\\Routing\\{closure}(Object(Illuminate\\Http\\Request))
#57 C:\\Users\\Anisio\\Dropbox\\My PC (DESKTOP-0NN5O01)\\Documents\\GitHub\\SGA\\vendor\\laravel\\framework\\src\\Illuminate\\Pipeline\\Pipeline.php(163): Illuminate\\Foundation\\Http\\Middleware\\CheckForMaintenanceMode->handle(Object(Illuminate\\Http\\Request), Object(Closure))
#58 C:\\Users\\Anisio\\Dropbox\\My PC (DESKTOP-0NN5O01)\\Documents\\GitHub\\SGA\\vendor\\laravel\\framework\\src\\Illuminate\\Routing\\Pipeline.php(53): Illuminate\\Pipeline\\Pipeline->Illuminate\\Pipeline\\{closure}(Object(Illuminate\\Http\\Request))
#59 C:\\Users\\Anisio\\Dropbox\\My PC (DESKTOP-0NN5O01)\\Documents\\GitHub\\SGA\\vendor\\laravel\\framework\\src\\Illuminate\\Pipeline\\Pipeline.php(104): Illuminate\\Routing\\Pipeline->Illuminate\\Routing\\{closure}(Object(Illuminate\\Http\\Request))
#60 C:\\Users\\Anisio\\Dropbox\\My PC (DESKTOP-0NN5O01)\\Documents\\GitHub\\SGA\\vendor\\laravel\\framework\\src\\Illuminate\\Foundation\\Http\\Kernel.php(151): Illuminate\\Pipeline\\Pipeline->then(Object(Closure))
#61 C:\\Users\\Anisio\\Dropbox\\My PC (DESKTOP-0NN5O01)\\Documents\\GitHub\\SGA\\vendor\\laravel\\framework\\src\\Illuminate\\Foundation\\Http\\Kernel.php(116): Illuminate\\Foundation\\Http\\Kernel->sendRequestThroughRouter(Object(Illuminate\\Http\\Request))
#62 C:\\Users\\Anisio\\Dropbox\\My PC (DESKTOP-0NN5O01)\\Documents\\GitHub\\SGA\\public\\index.php(55): Illuminate\\Foundation\\Http\\Kernel->handle(Object(Illuminate\\Http\\Request))
#63 C:\\Users\\Anisio\\Dropbox\\My PC (DESKTOP-0NN5O01)\\Documents\\GitHub\\SGA\\server.php(21): require_once('C:\\\\Users\\\\Anisio...')
#64 {main}
"} 
[2021-08-09 20:44:08] local.ERROR: SQLSTATE[42S02]: Base table or view not found: 1146 Table 'sg_logistica.equipamento' doesn't exist (SQL: select count(*) as aggregate from `equipamento`) {"userId":3,"email":"anisio.bule@gmail.com","exception":"[object] (Illuminate\\Database\\QueryException(code: 42S02): SQLSTATE[42S02]: Base table or view not found: 1146 Table 'sg_logistica.equipamento' doesn't exist (SQL: select count(*) as aggregate from `equipamento`) at C:\\Users\\Anisio\\Dropbox\\My PC (DESKTOP-0NN5O01)\\Documents\\GitHub\\SGA\\vendor\\laravel\\framework\\src\\Illuminate\\Database\\Connection.php:664, PDOException(code: 42S02): SQLSTATE[42S02]: Base table or view not found: 1146 Table 'sg_logistica.equipamento' doesn't exist at C:\\Users\\Anisio\\Dropbox\\My PC (DESKTOP-0NN5O01)\\Documents\\GitHub\\SGA\\vendor\\laravel\\framework\\src\\Illuminate\\Database\\Connection.php:326)
[stacktrace]
#0 C:\\Users\\Anisio\\Dropbox\\My PC (DESKTOP-0NN5O01)\\Documents\\GitHub\\SGA\\vendor\\laravel\\framework\\src\\Illuminate\\Database\\Connection.php(624): Illuminate\\Database\\Connection->runQueryCallback('select count(*)...', Array, Object(Closure))
#1 C:\\Users\\Anisio\\Dropbox\\My PC (DESKTOP-0NN5O01)\\Documents\\GitHub\\SGA\\vendor\\laravel\\framework\\src\\Illuminate\\Database\\Connection.php(333): Illuminate\\Database\\Connection->run('select count(*)...', Array, Object(Closure))
#2 C:\\Users\\Anisio\\Dropbox\\My PC (DESKTOP-0NN5O01)\\Documents\\GitHub\\SGA\\vendor\\laravel\\framework\\src\\Illuminate\\Database\\Query\\Builder.php(2095): Illuminate\\Database\\Connection->select('select count(*)...', Array, true)
#3 C:\\Users\\Anisio\\Dropbox\\My PC (DESKTOP-0NN5O01)\\Documents\\GitHub\\SGA\\vendor\\laravel\\framework\\src\\Illuminate\\Database\\Query\\Builder.php(2083): Illuminate\\Database\\Query\\Builder->runSelect()
#4 C:\\Users\\Anisio\\Dropbox\\My PC (DESKTOP-0NN5O01)\\Documents\\GitHub\\SGA\\vendor\\laravel\\framework\\src\\Illuminate\\Database\\Query\\Builder.php(2569): Illuminate\\Database\\Query\\Builder->Illuminate\\Database\\Query\\{closure}()
#5 C:\\Users\\Anisio\\Dropbox\\My PC (DESKTOP-0NN5O01)\\Documents\\GitHub\\SGA\\vendor\\laravel\\framework\\src\\Illuminate\\Database\\Query\\Builder.php(2084): Illuminate\\Database\\Query\\Builder->onceWithColumns(Array, Object(Closure))
#6 C:\\Users\\Anisio\\Dropbox\\My PC (DESKTOP-0NN5O01)\\Documents\\GitHub\\SGA\\vendor\\laravel\\framework\\src\\Illuminate\\Database\\Query\\Builder.php(2496): Illuminate\\Database\\Query\\Builder->get(Array)
#7 C:\\Users\\Anisio\\Dropbox\\My PC (DESKTOP-0NN5O01)\\Documents\\GitHub\\SGA\\vendor\\laravel\\framework\\src\\Illuminate\\Database\\Query\\Builder.php(2424): Illuminate\\Database\\Query\\Builder->aggregate('count', Array)
#8 C:\\Users\\Anisio\\Dropbox\\My PC (DESKTOP-0NN5O01)\\Documents\\GitHub\\SGA\\app\\Http\\Controllers\\dashController.php(22): Illuminate\\Database\\Query\\Builder->count()
#9 [internal function]: Gestao_Assistencias\\Http\\Controllers\\dashController->index()
#10 C:\\Users\\Anisio\\Dropbox\\My PC (DESKTOP-0NN5O01)\\Documents\\GitHub\\SGA\\vendor\\laravel\\framework\\src\\Illuminate\\Routing\\Controller.php(54): call_user_func_array(Array, Array)
#11 C:\\Users\\Anisio\\Dropbox\\My PC (DESKTOP-0NN5O01)\\Documents\\GitHub\\SGA\\vendor\\laravel\\framework\\src\\Illuminate\\Routing\\ControllerDispatcher.php(45): Illuminate\\Routing\\Controller->callAction('index', Array)
#12 C:\\Users\\Anisio\\Dropbox\\My PC (DESKTOP-0NN5O01)\\Documents\\GitHub\\SGA\\vendor\\laravel\\framework\\src\\Illuminate\\Routing\\Route.php(219): Illuminate\\Routing\\ControllerDispatcher->dispatch(Object(Illuminate\\Routing\\Route), Object(Gestao_Assistencias\\Http\\Controllers\\dashController), 'index')
#13 C:\\Users\\Anisio\\Dropbox\\My PC (DESKTOP-0NN5O01)\\Documents\\GitHub\\SGA\\vendor\\laravel\\framework\\src\\Illuminate\\Routing\\Route.php(176): Illuminate\\Routing\\Route->runController()
#14 C:\\Users\\Anisio\\Dropbox\\My PC (DESKTOP-0NN5O01)\\Documents\\GitHub\\SGA\\vendor\\laravel\\framework\\src\\Illuminate\\Routing\\Router.php(682): Illuminate\\Routing\\Route->run()
#15 C:\\Users\\Anisio\\Dropbox\\My PC (DESKTOP-0NN5O01)\\Documents\\GitHub\\SGA\\vendor\\laravel\\framework\\src\\Illuminate\\Routing\\Pipeline.php(30): Illuminate\\Routing\\Router->Illuminate\\Routing\\{closure}(Object(Illuminate\\Http\\Request))
#16 C:\\Users\\Anisio\\Dropbox\\My PC (DESKTOP-0NN5O01)\\Documents\\GitHub\\SGA\\vendor\\laravel\\framework\\src\\Illuminate\\Routing\\Middleware\\SubstituteBindings.php(41): Illuminate\\Routing\\Pipeline->Illuminate\\Routing\\{closure}(Object(Illuminate\\Http\\Request))
#17 C:\\Users\\Anisio\\Dropbox\\My PC (DESKTOP-0NN5O01)\\Documents\\GitHub\\SGA\\vendor\\laravel\\framework\\src\\Illuminate\\Pipeline\\Pipeline.php(163): Illuminate\\Routing\\Middleware\\SubstituteBindings->handle(Object(Illuminate\\Http\\Request), Object(Closure))
#18 C:\\Users\\Anisio\\Dropbox\\My PC (DESKTOP-0NN5O01)\\Documents\\GitHub\\SGA\\vendor\\laravel\\framework\\src\\Illuminate\\Routing\\Pipeline.php(53): Illuminate\\Pipeline\\Pipeline->Illuminate\\Pipeline\\{closure}(Object(Illuminate\\Http\\Request))
#19 C:\\Users\\Anisio\\Dropbox\\My PC (DESKTOP-0NN5O01)\\Documents\\GitHub\\SGA\\vendor\\laravel\\framework\\src\\Illuminate\\Auth\\Middleware\\Authenticate.php(43): Illuminate\\Routing\\Pipeline->Illuminate\\Routing\\{closure}(Object(Illuminate\\Http\\Request))
#20 C:\\Users\\Anisio\\Dropbox\\My PC (DESKTOP-0NN5O01)\\Documents\\GitHub\\SGA\\vendor\\laravel\\framework\\src\\Illuminate\\Pipeline\\Pipeline.php(163): Illuminate\\Auth\\Middleware\\Authenticate->handle(Object(Illuminate\\Http\\Request), Object(Closure))
#21 C:\\Users\\Anisio\\Dropbox\\My PC (DESKTOP-0NN5O01)\\Documents\\GitHub\\SGA\\vendor\\laravel\\framework\\src\\Illuminate\\Routing\\Pipeline.php(53): Illuminate\\Pipeline\\Pipeline->Illuminate\\Pipeline\\{closure}(Object(Illuminate\\Http\\Request))
#22 C:\\Users\\Anisio\\Dropbox\\My PC (DESKTOP-0NN5O01)\\Documents\\GitHub\\SGA\\vendor\\laravel\\framework\\src\\Illuminate\\Foundation\\Http\\Middleware\\VerifyCsrfToken.php(75): Illuminate\\Routing\\Pipeline->Illuminate\\Routing\\{closure}(Object(Illuminate\\Http\\Request))
#23 C:\\Users\\Anisio\\Dropbox\\My PC (DESKTOP-0NN5O01)\\Documents\\GitHub\\SGA\\vendor\\laravel\\framework\\src\\Illuminate\\Pipeline\\Pipeline.php(163): Illuminate\\Foundation\\Http\\Middleware\\VerifyCsrfToken->handle(Object(Illuminate\\Http\\Request), Object(Closure))
#24 C:\\Users\\Anisio\\Dropbox\\My PC (DESKTOP-0NN5O01)\\Documents\\GitHub\\SGA\\vendor\\laravel\\framework\\src\\Illuminate\\Routing\\Pipeline.php(53): Illuminate\\Pipeline\\Pipeline->Illuminate\\Pipeline\\{closure}(Object(Illuminate\\Http\\Request))
#25 C:\\Users\\Anisio\\Dropbox\\My PC (DESKTOP-0NN5O01)\\Documents\\GitHub\\SGA\\vendor\\laravel\\framework\\src\\Illuminate\\View\\Middleware\\ShareErrorsFromSession.php(49): Illuminate\\Routing\\Pipeline->Illuminate\\Routing\\{closure}(Object(Illuminate\\Http\\Request))
#26 C:\\Users\\Anisio\\Dropbox\\My PC (DESKTOP-0NN5O01)\\Documents\\GitHub\\SGA\\vendor\\laravel\\framework\\src\\Illuminate\\Pipeline\\Pipeline.php(163): Illuminate\\View\\Middleware\\ShareErrorsFromSession->handle(Object(Illuminate\\Http\\Request), Object(Closure))
#27 C:\\Users\\Anisio\\Dropbox\\My PC (DESKTOP-0NN5O01)\\Documents\\GitHub\\SGA\\vendor\\laravel\\framework\\src\\Illuminate\\Routing\\Pipeline.php(53): Illuminate\\Pipeline\\Pipeline->Illuminate\\Pipeline\\{closure}(Object(Illuminate\\Http\\Request))
#28 C:\\Users\\Anisio\\Dropbox\\My PC (DESKTOP-0NN5O01)\\Documents\\GitHub\\SGA\\vendor\\laravel\\framework\\src\\Illuminate\\Session\\Middleware\\StartSession.php(63): Illuminate\\Routing\\Pipeline->Illuminate\\Routing\\{closure}(Object(Illuminate\\Http\\Request))
#29 C:\\Users\\Anisio\\Dropbox\\My PC (DESKTOP-0NN5O01)\\Documents\\GitHub\\SGA\\vendor\\laravel\\framework\\src\\Illuminate\\Pipeline\\Pipeline.php(163): Illuminate\\Session\\Middleware\\StartSession->handle(Object(Illuminate\\Http\\Request), Object(Closure))
#30 C:\\Users\\Anisio\\Dropbox\\My PC (DESKTOP-0NN5O01)\\Documents\\GitHub\\SGA\\vendor\\laravel\\framework\\src\\Illuminate\\Routing\\Pipeline.php(53): Illuminate\\Pipeline\\Pipeline->Illuminate\\Pipeline\\{closure}(Object(Illuminate\\Http\\Request))
#31 C:\\Users\\Anisio\\Dropbox\\My PC (DESKTOP-0NN5O01)\\Documents\\GitHub\\SGA\\vendor\\laravel\\framework\\src\\Illuminate\\Cookie\\Middleware\\AddQueuedCookiesToResponse.php(37): Illuminate\\Routing\\Pipeline->Illuminate\\Routing\\{closure}(Object(Illuminate\\Http\\Request))
#32 C:\\Users\\Anisio\\Dropbox\\My PC (DESKTOP-0NN5O01)\\Documents\\GitHub\\SGA\\vendor\\laravel\\framework\\src\\Illuminate\\Pipeline\\Pipeline.php(163): Illuminate\\Cookie\\Middleware\\AddQueuedCookiesToResponse->handle(Object(Illuminate\\Http\\Request), Object(Closure))
#33 C:\\Users\\Anisio\\Dropbox\\My PC (DESKTOP-0NN5O01)\\Documents\\GitHub\\SGA\\vendor\\laravel\\framework\\src\\Illuminate\\Routing\\Pipeline.php(53): Illuminate\\Pipeline\\Pipeline->Illuminate\\Pipeline\\{closure}(Object(Illuminate\\Http\\Request))
#34 C:\\Users\\Anisio\\Dropbox\\My PC (DESKTOP-0NN5O01)\\Documents\\GitHub\\SGA\\vendor\\laravel\\framework\\src\\Illuminate\\Cookie\\Middleware\\EncryptCookies.php(66): Illuminate\\Routing\\Pipeline->Illuminate\\Routing\\{closure}(Object(Illuminate\\Http\\Request))
#35 C:\\Users\\Anisio\\Dropbox\\My PC (DESKTOP-0NN5O01)\\Documents\\GitHub\\SGA\\vendor\\laravel\\framework\\src\\Illuminate\\Pipeline\\Pipeline.php(163): Illuminate\\Cookie\\Middleware\\EncryptCookies->handle(Object(Illuminate\\Http\\Request), Object(Closure))
#36 C:\\Users\\Anisio\\Dropbox\\My PC (DESKTOP-0NN5O01)\\Documents\\GitHub\\SGA\\vendor\\laravel\\framework\\src\\Illuminate\\Routing\\Pipeline.php(53): Illuminate\\Pipeline\\Pipeline->Illuminate\\Pipeline\\{closure}(Object(Illuminate\\Http\\Request))
#37 C:\\Users\\Anisio\\Dropbox\\My PC (DESKTOP-0NN5O01)\\Documents\\GitHub\\SGA\\vendor\\laravel\\framework\\src\\Illuminate\\Pipeline\\Pipeline.php(104): Illuminate\\Routing\\Pipeline->Illuminate\\Routing\\{closure}(Object(Illuminate\\Http\\Request))
#38 C:\\Users\\Anisio\\Dropbox\\My PC (DESKTOP-0NN5O01)\\Documents\\GitHub\\SGA\\vendor\\laravel\\framework\\src\\Illuminate\\Routing\\Router.php(684): Illuminate\\Pipeline\\Pipeline->then(Object(Closure))
#39 C:\\Users\\Anisio\\Dropbox\\My PC (DESKTOP-0NN5O01)\\Documents\\GitHub\\SGA\\vendor\\laravel\\framework\\src\\Illuminate\\Routing\\Router.php(659): Illuminate\\Routing\\Router->runRouteWithinStack(Object(Illuminate\\Routing\\Route), Object(Illuminate\\Http\\Request))
#40 C:\\Users\\Anisio\\Dropbox\\My PC (DESKTOP-0NN5O01)\\Documents\\GitHub\\SGA\\vendor\\laravel\\framework\\src\\Illuminate\\Routing\\Router.php(625): Illuminate\\Routing\\Router->runRoute(Object(Illuminate\\Http\\Request), Object(Illuminate\\Routing\\Route))
#41 C:\\Users\\Anisio\\Dropbox\\My PC (DESKTOP-0NN5O01)\\Documents\\GitHub\\SGA\\vendor\\laravel\\framework\\src\\Illuminate\\Routing\\Router.php(614): Illuminate\\Routing\\Router->dispatchToRoute(Object(Illuminate\\Http\\Request))
#42 C:\\Users\\Anisio\\Dropbox\\My PC (DESKTOP-0NN5O01)\\Documents\\GitHub\\SGA\\vendor\\laravel\\framework\\src\\Illuminate\\Foundation\\Http\\Kernel.php(176): Illuminate\\Routing\\Router->dispatch(Object(Illuminate\\Http\\Request))
#43 C:\\Users\\Anisio\\Dropbox\\My PC (DESKTOP-0NN5O01)\\Documents\\GitHub\\SGA\\vendor\\laravel\\framework\\src\\Illuminate\\Routing\\Pipeline.php(30): Illuminate\\Foundation\\Http\\Kernel->Illuminate\\Foundation\\Http\\{closure}(Object(Illuminate\\Http\\Request))
#44 C:\\Users\\Anisio\\Dropbox\\My PC (DESKTOP-0NN5O01)\\Documents\\GitHub\\SGA\\vendor\\fideloper\\proxy\\src\\TrustProxies.php(57): Illuminate\\Routing\\Pipeline->Illuminate\\Routing\\{closure}(Object(Illuminate\\Http\\Request))
#45 C:\\Users\\Anisio\\Dropbox\\My PC (DESKTOP-0NN5O01)\\Documents\\GitHub\\SGA\\vendor\\laravel\\framework\\src\\Illuminate\\Pipeline\\Pipeline.php(163): Fideloper\\Proxy\\TrustProxies->handle(Object(Illuminate\\Http\\Request), Object(Closure))
#46 C:\\Users\\Anisio\\Dropbox\\My PC (DESKTOP-0NN5O01)\\Documents\\GitHub\\SGA\\vendor\\laravel\\framework\\src\\Illuminate\\Routing\\Pipeline.php(53): Illuminate\\Pipeline\\Pipeline->Illuminate\\Pipeline\\{closure}(Object(Illuminate\\Http\\Request))
#47 C:\\Users\\Anisio\\Dropbox\\My PC (DESKTOP-0NN5O01)\\Documents\\GitHub\\SGA\\vendor\\laravel\\framework\\src\\Illuminate\\Foundation\\Http\\Middleware\\TransformsRequest.php(31): Illuminate\\Routing\\Pipeline->Illuminate\\Routing\\{closure}(Object(Illuminate\\Http\\Request))
#48 C:\\Users\\Anisio\\Dropbox\\My PC (DESKTOP-0NN5O01)\\Documents\\GitHub\\SGA\\vendor\\laravel\\framework\\src\\Illuminate\\Pipeline\\Pipeline.php(163): Illuminate\\Foundation\\Http\\Middleware\\TransformsRequest->handle(Object(Illuminate\\Http\\Request), Object(Closure))
#49 C:\\Users\\Anisio\\Dropbox\\My PC (DESKTOP-0NN5O01)\\Documents\\GitHub\\SGA\\vendor\\laravel\\framework\\src\\Illuminate\\Routing\\Pipeline.php(53): Illuminate\\Pipeline\\Pipeline->Illuminate\\Pipeline\\{closure}(Object(Illuminate\\Http\\Request))
#50 C:\\Users\\Anisio\\Dropbox\\My PC (DESKTOP-0NN5O01)\\Documents\\GitHub\\SGA\\vendor\\laravel\\framework\\src\\Illuminate\\Foundation\\Http\\Middleware\\TransformsRequest.php(31): Illuminate\\Routing\\Pipeline->Illuminate\\Routing\\{closure}(Object(Illuminate\\Http\\Request))
#51 C:\\Users\\Anisio\\Dropbox\\My PC (DESKTOP-0NN5O01)\\Documents\\GitHub\\SGA\\vendor\\laravel\\framework\\src\\Illuminate\\Pipeline\\Pipeline.php(163): Illuminate\\Foundation\\Http\\Middleware\\TransformsRequest->handle(Object(Illuminate\\Http\\Request), Object(Closure))
#52 C:\\Users\\Anisio\\Dropbox\\My PC (DESKTOP-0NN5O01)\\Documents\\GitHub\\SGA\\vendor\\laravel\\framework\\src\\Illuminate\\Routing\\Pipeline.php(53): Illuminate\\Pipeline\\Pipeline->Illuminate\\Pipeline\\{closure}(Object(Illuminate\\Http\\Request))
#53 C:\\Users\\Anisio\\Dropbox\\My PC (DESKTOP-0NN5O01)\\Documents\\GitHub\\SGA\\vendor\\laravel\\framework\\src\\Illuminate\\Foundation\\Http\\Middleware\\ValidatePostSize.php(27): Illuminate\\Routing\\Pipeline->Illuminate\\Routing\\{closure}(Object(Illuminate\\Http\\Request))
#54 C:\\Users\\Anisio\\Dropbox\\My PC (DESKTOP-0NN5O01)\\Documents\\GitHub\\SGA\\vendor\\laravel\\framework\\src\\Illuminate\\Pipeline\\Pipeline.php(163): Illuminate\\Foundation\\Http\\Middleware\\ValidatePostSize->handle(Object(Illuminate\\Http\\Request), Object(Closure))
#55 C:\\Users\\Anisio\\Dropbox\\My PC (DESKTOP-0NN5O01)\\Documents\\GitHub\\SGA\\vendor\\laravel\\framework\\src\\Illuminate\\Routing\\Pipeline.php(53): Illuminate\\Pipeline\\Pipeline->Illuminate\\Pipeline\\{closure}(Object(Illuminate\\Http\\Request))
#56 C:\\Users\\Anisio\\Dropbox\\My PC (DESKTOP-0NN5O01)\\Documents\\GitHub\\SGA\\vendor\\laravel\\framework\\src\\Illuminate\\Foundation\\Http\\Middleware\\CheckForMaintenanceMode.php(62): Illuminate\\Routing\\Pipeline->Illuminate\\Routing\\{closure}(Object(Illuminate\\Http\\Request))
#57 C:\\Users\\Anisio\\Dropbox\\My PC (DESKTOP-0NN5O01)\\Documents\\GitHub\\SGA\\vendor\\laravel\\framework\\src\\Illuminate\\Pipeline\\Pipeline.php(163): Illuminate\\Foundation\\Http\\Middleware\\CheckForMaintenanceMode->handle(Object(Illuminate\\Http\\Request), Object(Closure))
#58 C:\\Users\\Anisio\\Dropbox\\My PC (DESKTOP-0NN5O01)\\Documents\\GitHub\\SGA\\vendor\\laravel\\framework\\src\\Illuminate\\Routing\\Pipeline.php(53): Illuminate\\Pipeline\\Pipeline->Illuminate\\Pipeline\\{closure}(Object(Illuminate\\Http\\Request))
#59 C:\\Users\\Anisio\\Dropbox\\My PC (DESKTOP-0NN5O01)\\Documents\\GitHub\\SGA\\vendor\\laravel\\framework\\src\\Illuminate\\Pipeline\\Pipeline.php(104): Illuminate\\Routing\\Pipeline->Illuminate\\Routing\\{closure}(Object(Illuminate\\Http\\Request))
#60 C:\\Users\\Anisio\\Dropbox\\My PC (DESKTOP-0NN5O01)\\Documents\\GitHub\\SGA\\vendor\\laravel\\framework\\src\\Illuminate\\Foundation\\Http\\Kernel.php(151): Illuminate\\Pipeline\\Pipeline->then(Object(Closure))
#61 C:\\Users\\Anisio\\Dropbox\\My PC (DESKTOP-0NN5O01)\\Documents\\GitHub\\SGA\\vendor\\laravel\\framework\\src\\Illuminate\\Foundation\\Http\\Kernel.php(116): Illuminate\\Foundation\\Http\\Kernel->sendRequestThroughRouter(Object(Illuminate\\Http\\Request))
#62 C:\\Users\\Anisio\\Dropbox\\My PC (DESKTOP-0NN5O01)\\Documents\\GitHub\\SGA\\public\\index.php(55): Illuminate\\Foundation\\Http\\Kernel->handle(Object(Illuminate\\Http\\Request))
#63 C:\\Users\\Anisio\\Dropbox\\My PC (DESKTOP-0NN5O01)\\Documents\\GitHub\\SGA\\server.php(21): require_once('C:\\\\Users\\\\Anisio...')
#64 {main}
"} 
[2021-08-09 20:46:41] local.ERROR: SQLSTATE[42S02]: Base table or view not found: 1146 Table 'sg_logistica.equipamento' doesn't exist (SQL: select count(*) as aggregate from `equipamento`) {"userId":3,"email":"anisio.bule@gmail.com","exception":"[object] (Illuminate\\Database\\QueryException(code: 42S02): SQLSTATE[42S02]: Base table or view not found: 1146 Table 'sg_logistica.equipamento' doesn't exist (SQL: select count(*) as aggregate from `equipamento`) at C:\\Users\\Anisio\\Dropbox\\My PC (DESKTOP-0NN5O01)\\Documents\\GitHub\\SGA\\vendor\\laravel\\framework\\src\\Illuminate\\Database\\Connection.php:664, PDOException(code: 42S02): SQLSTATE[42S02]: Base table or view not found: 1146 Table 'sg_logistica.equipamento' doesn't exist at C:\\Users\\Anisio\\Dropbox\\My PC (DESKTOP-0NN5O01)\\Documents\\GitHub\\SGA\\vendor\\laravel\\framework\\src\\Illuminate\\Database\\Connection.php:326)
[stacktrace]
#0 C:\\Users\\Anisio\\Dropbox\\My PC (DESKTOP-0NN5O01)\\Documents\\GitHub\\SGA\\vendor\\laravel\\framework\\src\\Illuminate\\Database\\Connection.php(624): Illuminate\\Database\\Connection->runQueryCallback('select count(*)...', Array, Object(Closure))
#1 C:\\Users\\Anisio\\Dropbox\\My PC (DESKTOP-0NN5O01)\\Documents\\GitHub\\SGA\\vendor\\laravel\\framework\\src\\Illuminate\\Database\\Connection.php(333): Illuminate\\Database\\Connection->run('select count(*)...', Array, Object(Closure))
#2 C:\\Users\\Anisio\\Dropbox\\My PC (DESKTOP-0NN5O01)\\Documents\\GitHub\\SGA\\vendor\\laravel\\framework\\src\\Illuminate\\Database\\Query\\Builder.php(2095): Illuminate\\Database\\Connection->select('select count(*)...', Array, true)
#3 C:\\Users\\Anisio\\Dropbox\\My PC (DESKTOP-0NN5O01)\\Documents\\GitHub\\SGA\\vendor\\laravel\\framework\\src\\Illuminate\\Database\\Query\\Builder.php(2083): Illuminate\\Database\\Query\\Builder->runSelect()
#4 C:\\Users\\Anisio\\Dropbox\\My PC (DESKTOP-0NN5O01)\\Documents\\GitHub\\SGA\\vendor\\laravel\\framework\\src\\Illuminate\\Database\\Query\\Builder.php(2569): Illuminate\\Database\\Query\\Builder->Illuminate\\Database\\Query\\{closure}()
#5 C:\\Users\\Anisio\\Dropbox\\My PC (DESKTOP-0NN5O01)\\Documents\\GitHub\\SGA\\vendor\\laravel\\framework\\src\\Illuminate\\Database\\Query\\Builder.php(2084): Illuminate\\Database\\Query\\Builder->onceWithColumns(Array, Object(Closure))
#6 C:\\Users\\Anisio\\Dropbox\\My PC (DESKTOP-0NN5O01)\\Documents\\GitHub\\SGA\\vendor\\laravel\\framework\\src\\Illuminate\\Database\\Query\\Builder.php(2496): Illuminate\\Database\\Query\\Builder->get(Array)
#7 C:\\Users\\Anisio\\Dropbox\\My PC (DESKTOP-0NN5O01)\\Documents\\GitHub\\SGA\\vendor\\laravel\\framework\\src\\Illuminate\\Database\\Query\\Builder.php(2424): Illuminate\\Database\\Query\\Builder->aggregate('count', Array)
#8 C:\\Users\\Anisio\\Dropbox\\My PC (DESKTOP-0NN5O01)\\Documents\\GitHub\\SGA\\app\\Http\\Controllers\\dashController.php(22): Illuminate\\Database\\Query\\Builder->count()
#9 [internal function]: Gestao_Assistencias\\Http\\Controllers\\dashController->index()
#10 C:\\Users\\Anisio\\Dropbox\\My PC (DESKTOP-0NN5O01)\\Documents\\GitHub\\SGA\\vendor\\laravel\\framework\\src\\Illuminate\\Routing\\Controller.php(54): call_user_func_array(Array, Array)
#11 C:\\Users\\Anisio\\Dropbox\\My PC (DESKTOP-0NN5O01)\\Documents\\GitHub\\SGA\\vendor\\laravel\\framework\\src\\Illuminate\\Routing\\ControllerDispatcher.php(45): Illuminate\\Routing\\Controller->callAction('index', Array)
#12 C:\\Users\\Anisio\\Dropbox\\My PC (DESKTOP-0NN5O01)\\Documents\\GitHub\\SGA\\vendor\\laravel\\framework\\src\\Illuminate\\Routing\\Route.php(219): Illuminate\\Routing\\ControllerDispatcher->dispatch(Object(Illuminate\\Routing\\Route), Object(Gestao_Assistencias\\Http\\Controllers\\dashController), 'index')
#13 C:\\Users\\Anisio\\Dropbox\\My PC (DESKTOP-0NN5O01)\\Documents\\GitHub\\SGA\\vendor\\laravel\\framework\\src\\Illuminate\\Routing\\Route.php(176): Illuminate\\Routing\\Route->runController()
#14 C:\\Users\\Anisio\\Dropbox\\My PC (DESKTOP-0NN5O01)\\Documents\\GitHub\\SGA\\vendor\\laravel\\framework\\src\\Illuminate\\Routing\\Router.php(682): Illuminate\\Routing\\Route->run()
#15 C:\\Users\\Anisio\\Dropbox\\My PC (DESKTOP-0NN5O01)\\Documents\\GitHub\\SGA\\vendor\\laravel\\framework\\src\\Illuminate\\Routing\\Pipeline.php(30): Illuminate\\Routing\\Router->Illuminate\\Routing\\{closure}(Object(Illuminate\\Http\\Request))
#16 C:\\Users\\Anisio\\Dropbox\\My PC (DESKTOP-0NN5O01)\\Documents\\GitHub\\SGA\\vendor\\laravel\\framework\\src\\Illuminate\\Routing\\Middleware\\SubstituteBindings.php(41): Illuminate\\Routing\\Pipeline->Illuminate\\Routing\\{closure}(Object(Illuminate\\Http\\Request))
#17 C:\\Users\\Anisio\\Dropbox\\My PC (DESKTOP-0NN5O01)\\Documents\\GitHub\\SGA\\vendor\\laravel\\framework\\src\\Illuminate\\Pipeline\\Pipeline.php(163): Illuminate\\Routing\\Middleware\\SubstituteBindings->handle(Object(Illuminate\\Http\\Request), Object(Closure))
#18 C:\\Users\\Anisio\\Dropbox\\My PC (DESKTOP-0NN5O01)\\Documents\\GitHub\\SGA\\vendor\\laravel\\framework\\src\\Illuminate\\Routing\\Pipeline.php(53): Illuminate\\Pipeline\\Pipeline->Illuminate\\Pipeline\\{closure}(Object(Illuminate\\Http\\Request))
#19 C:\\Users\\Anisio\\Dropbox\\My PC (DESKTOP-0NN5O01)\\Documents\\GitHub\\SGA\\vendor\\laravel\\framework\\src\\Illuminate\\Auth\\Middleware\\Authenticate.php(43): Illuminate\\Routing\\Pipeline->Illuminate\\Routing\\{closure}(Object(Illuminate\\Http\\Request))
#20 C:\\Users\\Anisio\\Dropbox\\My PC (DESKTOP-0NN5O01)\\Documents\\GitHub\\SGA\\vendor\\laravel\\framework\\src\\Illuminate\\Pipeline\\Pipeline.php(163): Illuminate\\Auth\\Middleware\\Authenticate->handle(Object(Illuminate\\Http\\Request), Object(Closure))
#21 C:\\Users\\Anisio\\Dropbox\\My PC (DESKTOP-0NN5O01)\\Documents\\GitHub\\SGA\\vendor\\laravel\\framework\\src\\Illuminate\\Routing\\Pipeline.php(53): Illuminate\\Pipeline\\Pipeline->Illuminate\\Pipeline\\{closure}(Object(Illuminate\\Http\\Request))
#22 C:\\Users\\Anisio\\Dropbox\\My PC (DESKTOP-0NN5O01)\\Documents\\GitHub\\SGA\\vendor\\laravel\\framework\\src\\Illuminate\\Foundation\\Http\\Middleware\\VerifyCsrfToken.php(75): Illuminate\\Routing\\Pipeline->Illuminate\\Routing\\{closure}(Object(Illuminate\\Http\\Request))
#23 C:\\Users\\Anisio\\Dropbox\\My PC (DESKTOP-0NN5O01)\\Documents\\GitHub\\SGA\\vendor\\laravel\\framework\\src\\Illuminate\\Pipeline\\Pipeline.php(163): Illuminate\\Foundation\\Http\\Middleware\\VerifyCsrfToken->handle(Object(Illuminate\\Http\\Request), Object(Closure))
#24 C:\\Users\\Anisio\\Dropbox\\My PC (DESKTOP-0NN5O01)\\Documents\\GitHub\\SGA\\vendor\\laravel\\framework\\src\\Illuminate\\Routing\\Pipeline.php(53): Illuminate\\Pipeline\\Pipeline->Illuminate\\Pipeline\\{closure}(Object(Illuminate\\Http\\Request))
#25 C:\\Users\\Anisio\\Dropbox\\My PC (DESKTOP-0NN5O01)\\Documents\\GitHub\\SGA\\vendor\\laravel\\framework\\src\\Illuminate\\View\\Middleware\\ShareErrorsFromSession.php(49): Illuminate\\Routing\\Pipeline->Illuminate\\Routing\\{closure}(Object(Illuminate\\Http\\Request))
#26 C:\\Users\\Anisio\\Dropbox\\My PC (DESKTOP-0NN5O01)\\Documents\\GitHub\\SGA\\vendor\\laravel\\framework\\src\\Illuminate\\Pipeline\\Pipeline.php(163): Illuminate\\View\\Middleware\\ShareErrorsFromSession->handle(Object(Illuminate\\Http\\Request), Object(Closure))
#27 C:\\Users\\Anisio\\Dropbox\\My PC (DESKTOP-0NN5O01)\\Documents\\GitHub\\SGA\\vendor\\laravel\\framework\\src\\Illuminate\\Routing\\Pipeline.php(53): Illuminate\\Pipeline\\Pipeline->Illuminate\\Pipeline\\{closure}(Object(Illuminate\\Http\\Request))
#28 C:\\Users\\Anisio\\Dropbox\\My PC (DESKTOP-0NN5O01)\\Documents\\GitHub\\SGA\\vendor\\laravel\\framework\\src\\Illuminate\\Session\\Middleware\\StartSession.php(63): Illuminate\\Routing\\Pipeline->Illuminate\\Routing\\{closure}(Object(Illuminate\\Http\\Request))
#29 C:\\Users\\Anisio\\Dropbox\\My PC (DESKTOP-0NN5O01)\\Documents\\GitHub\\SGA\\vendor\\laravel\\framework\\src\\Illuminate\\Pipeline\\Pipeline.php(163): Illuminate\\Session\\Middleware\\StartSession->handle(Object(Illuminate\\Http\\Request), Object(Closure))
#30 C:\\Users\\Anisio\\Dropbox\\My PC (DESKTOP-0NN5O01)\\Documents\\GitHub\\SGA\\vendor\\laravel\\framework\\src\\Illuminate\\Routing\\Pipeline.php(53): Illuminate\\Pipeline\\Pipeline->Illuminate\\Pipeline\\{closure}(Object(Illuminate\\Http\\Request))
#31 C:\\Users\\Anisio\\Dropbox\\My PC (DESKTOP-0NN5O01)\\Documents\\GitHub\\SGA\\vendor\\laravel\\framework\\src\\Illuminate\\Cookie\\Middleware\\AddQueuedCookiesToResponse.php(37): Illuminate\\Routing\\Pipeline->Illuminate\\Routing\\{closure}(Object(Illuminate\\Http\\Request))
#32 C:\\Users\\Anisio\\Dropbox\\My PC (DESKTOP-0NN5O01)\\Documents\\GitHub\\SGA\\vendor\\laravel\\framework\\src\\Illuminate\\Pipeline\\Pipeline.php(163): Illuminate\\Cookie\\Middleware\\AddQueuedCookiesToResponse->handle(Object(Illuminate\\Http\\Request), Object(Closure))
#33 C:\\Users\\Anisio\\Dropbox\\My PC (DESKTOP-0NN5O01)\\Documents\\GitHub\\SGA\\vendor\\laravel\\framework\\src\\Illuminate\\Routing\\Pipeline.php(53): Illuminate\\Pipeline\\Pipeline->Illuminate\\Pipeline\\{closure}(Object(Illuminate\\Http\\Request))
#34 C:\\Users\\Anisio\\Dropbox\\My PC (DESKTOP-0NN5O01)\\Documents\\GitHub\\SGA\\vendor\\laravel\\framework\\src\\Illuminate\\Cookie\\Middleware\\EncryptCookies.php(66): Illuminate\\Routing\\Pipeline->Illuminate\\Routing\\{closure}(Object(Illuminate\\Http\\Request))
#35 C:\\Users\\Anisio\\Dropbox\\My PC (DESKTOP-0NN5O01)\\Documents\\GitHub\\SGA\\vendor\\laravel\\framework\\src\\Illuminate\\Pipeline\\Pipeline.php(163): Illuminate\\Cookie\\Middleware\\EncryptCookies->handle(Object(Illuminate\\Http\\Request), Object(Closure))
#36 C:\\Users\\Anisio\\Dropbox\\My PC (DESKTOP-0NN5O01)\\Documents\\GitHub\\SGA\\vendor\\laravel\\framework\\src\\Illuminate\\Routing\\Pipeline.php(53): Illuminate\\Pipeline\\Pipeline->Illuminate\\Pipeline\\{closure}(Object(Illuminate\\Http\\Request))
#37 C:\\Users\\Anisio\\Dropbox\\My PC (DESKTOP-0NN5O01)\\Documents\\GitHub\\SGA\\vendor\\laravel\\framework\\src\\Illuminate\\Pipeline\\Pipeline.php(104): Illuminate\\Routing\\Pipeline->Illuminate\\Routing\\{closure}(Object(Illuminate\\Http\\Request))
#38 C:\\Users\\Anisio\\Dropbox\\My PC (DESKTOP-0NN5O01)\\Documents\\GitHub\\SGA\\vendor\\laravel\\framework\\src\\Illuminate\\Routing\\Router.php(684): Illuminate\\Pipeline\\Pipeline->then(Object(Closure))
#39 C:\\Users\\Anisio\\Dropbox\\My PC (DESKTOP-0NN5O01)\\Documents\\GitHub\\SGA\\vendor\\laravel\\framework\\src\\Illuminate\\Routing\\Router.php(659): Illuminate\\Routing\\Router->runRouteWithinStack(Object(Illuminate\\Routing\\Route), Object(Illuminate\\Http\\Request))
#40 C:\\Users\\Anisio\\Dropbox\\My PC (DESKTOP-0NN5O01)\\Documents\\GitHub\\SGA\\vendor\\laravel\\framework\\src\\Illuminate\\Routing\\Router.php(625): Illuminate\\Routing\\Router->runRoute(Object(Illuminate\\Http\\Request), Object(Illuminate\\Routing\\Route))
#41 C:\\Users\\Anisio\\Dropbox\\My PC (DESKTOP-0NN5O01)\\Documents\\GitHub\\SGA\\vendor\\laravel\\framework\\src\\Illuminate\\Routing\\Router.php(614): Illuminate\\Routing\\Router->dispatchToRoute(Object(Illuminate\\Http\\Request))
#42 C:\\Users\\Anisio\\Dropbox\\My PC (DESKTOP-0NN5O01)\\Documents\\GitHub\\SGA\\vendor\\laravel\\framework\\src\\Illuminate\\Foundation\\Http\\Kernel.php(176): Illuminate\\Routing\\Router->dispatch(Object(Illuminate\\Http\\Request))
#43 C:\\Users\\Anisio\\Dropbox\\My PC (DESKTOP-0NN5O01)\\Documents\\GitHub\\SGA\\vendor\\laravel\\framework\\src\\Illuminate\\Routing\\Pipeline.php(30): Illuminate\\Foundation\\Http\\Kernel->Illuminate\\Foundation\\Http\\{closure}(Object(Illuminate\\Http\\Request))
#44 C:\\Users\\Anisio\\Dropbox\\My PC (DESKTOP-0NN5O01)\\Documents\\GitHub\\SGA\\vendor\\fideloper\\proxy\\src\\TrustProxies.php(57): Illuminate\\Routing\\Pipeline->Illuminate\\Routing\\{closure}(Object(Illuminate\\Http\\Request))
#45 C:\\Users\\Anisio\\Dropbox\\My PC (DESKTOP-0NN5O01)\\Documents\\GitHub\\SGA\\vendor\\laravel\\framework\\src\\Illuminate\\Pipeline\\Pipeline.php(163): Fideloper\\Proxy\\TrustProxies->handle(Object(Illuminate\\Http\\Request), Object(Closure))
#46 C:\\Users\\Anisio\\Dropbox\\My PC (DESKTOP-0NN5O01)\\Documents\\GitHub\\SGA\\vendor\\laravel\\framework\\src\\Illuminate\\Routing\\Pipeline.php(53): Illuminate\\Pipeline\\Pipeline->Illuminate\\Pipeline\\{closure}(Object(Illuminate\\Http\\Request))
#47 C:\\Users\\Anisio\\Dropbox\\My PC (DESKTOP-0NN5O01)\\Documents\\GitHub\\SGA\\vendor\\laravel\\framework\\src\\Illuminate\\Foundation\\Http\\Middleware\\TransformsRequest.php(31): Illuminate\\Routing\\Pipeline->Illuminate\\Routing\\{closure}(Object(Illuminate\\Http\\Request))
#48 C:\\Users\\Anisio\\Dropbox\\My PC (DESKTOP-0NN5O01)\\Documents\\GitHub\\SGA\\vendor\\laravel\\framework\\src\\Illuminate\\Pipeline\\Pipeline.php(163): Illuminate\\Foundation\\Http\\Middleware\\TransformsRequest->handle(Object(Illuminate\\Http\\Request), Object(Closure))
#49 C:\\Users\\Anisio\\Dropbox\\My PC (DESKTOP-0NN5O01)\\Documents\\GitHub\\SGA\\vendor\\laravel\\framework\\src\\Illuminate\\Routing\\Pipeline.php(53): Illuminate\\Pipeline\\Pipeline->Illuminate\\Pipeline\\{closure}(Object(Illuminate\\Http\\Request))
#50 C:\\Users\\Anisio\\Dropbox\\My PC (DESKTOP-0NN5O01)\\Documents\\GitHub\\SGA\\vendor\\laravel\\framework\\src\\Illuminate\\Foundation\\Http\\Middleware\\TransformsRequest.php(31): Illuminate\\Routing\\Pipeline->Illuminate\\Routing\\{closure}(Object(Illuminate\\Http\\Request))
#51 C:\\Users\\Anisio\\Dropbox\\My PC (DESKTOP-0NN5O01)\\Documents\\GitHub\\SGA\\vendor\\laravel\\framework\\src\\Illuminate\\Pipeline\\Pipeline.php(163): Illuminate\\Foundation\\Http\\Middleware\\TransformsRequest->handle(Object(Illuminate\\Http\\Request), Object(Closure))
#52 C:\\Users\\Anisio\\Dropbox\\My PC (DESKTOP-0NN5O01)\\Documents\\GitHub\\SGA\\vendor\\laravel\\framework\\src\\Illuminate\\Routing\\Pipeline.php(53): Illuminate\\Pipeline\\Pipeline->Illuminate\\Pipeline\\{closure}(Object(Illuminate\\Http\\Request))
#53 C:\\Users\\Anisio\\Dropbox\\My PC (DESKTOP-0NN5O01)\\Documents\\GitHub\\SGA\\vendor\\laravel\\framework\\src\\Illuminate\\Foundation\\Http\\Middleware\\ValidatePostSize.php(27): Illuminate\\Routing\\Pipeline->Illuminate\\Routing\\{closure}(Object(Illuminate\\Http\\Request))
#54 C:\\Users\\Anisio\\Dropbox\\My PC (DESKTOP-0NN5O01)\\Documents\\GitHub\\SGA\\vendor\\laravel\\framework\\src\\Illuminate\\Pipeline\\Pipeline.php(163): Illuminate\\Foundation\\Http\\Middleware\\ValidatePostSize->handle(Object(Illuminate\\Http\\Request), Object(Closure))
#55 C:\\Users\\Anisio\\Dropbox\\My PC (DESKTOP-0NN5O01)\\Documents\\GitHub\\SGA\\vendor\\laravel\\framework\\src\\Illuminate\\Routing\\Pipeline.php(53): Illuminate\\Pipeline\\Pipeline->Illuminate\\Pipeline\\{closure}(Object(Illuminate\\Http\\Request))
#56 C:\\Users\\Anisio\\Dropbox\\My PC (DESKTOP-0NN5O01)\\Documents\\GitHub\\SGA\\vendor\\laravel\\framework\\src\\Illuminate\\Foundation\\Http\\Middleware\\CheckForMaintenanceMode.php(62): Illuminate\\Routing\\Pipeline->Illuminate\\Routing\\{closure}(Object(Illuminate\\Http\\Request))
#57 C:\\Users\\Anisio\\Dropbox\\My PC (DESKTOP-0NN5O01)\\Documents\\GitHub\\SGA\\vendor\\laravel\\framework\\src\\Illuminate\\Pipeline\\Pipeline.php(163): Illuminate\\Foundation\\Http\\Middleware\\CheckForMaintenanceMode->handle(Object(Illuminate\\Http\\Request), Object(Closure))
#58 C:\\Users\\Anisio\\Dropbox\\My PC (DESKTOP-0NN5O01)\\Documents\\GitHub\\SGA\\vendor\\laravel\\framework\\src\\Illuminate\\Routing\\Pipeline.php(53): Illuminate\\Pipeline\\Pipeline->Illuminate\\Pipeline\\{closure}(Object(Illuminate\\Http\\Request))
#59 C:\\Users\\Anisio\\Dropbox\\My PC (DESKTOP-0NN5O01)\\Documents\\GitHub\\SGA\\vendor\\laravel\\framework\\src\\Illuminate\\Pipeline\\Pipeline.php(104): Illuminate\\Routing\\Pipeline->Illuminate\\Routing\\{closure}(Object(Illuminate\\Http\\Request))
#60 C:\\Users\\Anisio\\Dropbox\\My PC (DESKTOP-0NN5O01)\\Documents\\GitHub\\SGA\\vendor\\laravel\\framework\\src\\Illuminate\\Foundation\\Http\\Kernel.php(151): Illuminate\\Pipeline\\Pipeline->then(Object(Closure))
#61 C:\\Users\\Anisio\\Dropbox\\My PC (DESKTOP-0NN5O01)\\Documents\\GitHub\\SGA\\vendor\\laravel\\framework\\src\\Illuminate\\Foundation\\Http\\Kernel.php(116): Illuminate\\Foundation\\Http\\Kernel->sendRequestThroughRouter(Object(Illuminate\\Http\\Request))
#62 C:\\Users\\Anisio\\Dropbox\\My PC (DESKTOP-0NN5O01)\\Documents\\GitHub\\SGA\\public\\index.php(55): Illuminate\\Foundation\\Http\\Kernel->handle(Object(Illuminate\\Http\\Request))
#63 C:\\Users\\Anisio\\Dropbox\\My PC (DESKTOP-0NN5O01)\\Documents\\GitHub\\SGA\\server.php(21): require_once('C:\\\\Users\\\\Anisio...')
#64 {main}
"} 
[2021-08-09 21:10:29] local.ERROR: Maximum execution time of 60 seconds exceeded {"userId":3,"email":"anisio.bule@itecgroup.co.mz","exception":"[object] (Symfony\\Component\\Debug\\Exception\\FatalErrorException(code: 1): Maximum execution time of 60 seconds exceeded at C:\\Users\\Anisio\\Dropbox\\My PC (DESKTOP-0NN5O01)\\Documents\\GitHub\\SGA\\vendor\\dompdf\\dompdf\\src\\Helpers.php:536)
[stacktrace]
#0 {main}
"} 
[2021-08-09 21:41:56] local.ERROR: Maximum execution time of 60 seconds exceeded {"userId":3,"email":"anisio.bule@itecgroup.co.mz","exception":"[object] (Symfony\\Component\\Debug\\Exception\\FatalErrorException(code: 1): Maximum execution time of 60 seconds exceeded at C:\\Users\\Anisio\\Dropbox\\My PC (DESKTOP-0NN5O01)\\Documents\\GitHub\\SGASS\\vendor\\dompdf\\dompdf\\src\\Helpers.php:536)
[stacktrace]
#0 {main}
"} 
